{"/Users/joona/git/Feedbacker-Forum/client/src/actions.js": {"path":"/Users/joona/git/Feedbacker-Forum/client/src/actions.js","statementMap":{"0":{"start":{"line":1,"column":28},"end":{"line":1,"column":42}},"1":{"start":{"line":2,"column":27},"end":{"line":2,"column":40}},"2":{"start":{"line":3,"column":24},"end":{"line":3,"column":34}},"3":{"start":{"line":4,"column":27},"end":{"line":4,"column":40}},"4":{"start":{"line":5,"column":30},"end":{"line":5,"column":46}},"5":{"start":{"line":6,"column":31},"end":{"line":6,"column":48}},"6":{"start":{"line":9,"column":21},"end":{"line":9,"column":61}},"7":{"start":{"line":9,"column":43},"end":{"line":9,"column":60}},"8":{"start":{"line":12,"column":2},"end":{"line":12,"column":46}},"9":{"start":{"line":16,"column":2},"end":{"line":16,"column":44}},"10":{"start":{"line":20,"column":2},"end":{"line":20,"column":45}},"11":{"start":{"line":24,"column":2},"end":{"line":24,"column":52}},"12":{"start":{"line":28,"column":2},"end":{"line":28,"column":38}},"13":{"start":{"line":32,"column":2},"end":{"line":32,"column":44}}},"fnMap":{"0":{"name":"(anonymous_0)","decl":{"start":{"line":9,"column":21},"end":{"line":9,"column":22}},"loc":{"start":{"line":9,"column":43},"end":{"line":9,"column":60}},"line":9},"1":{"name":"loadPersistData","decl":{"start":{"line":11,"column":16},"end":{"line":11,"column":31}},"loc":{"start":{"line":11,"column":39},"end":{"line":13,"column":1}},"line":11},"2":{"name":"setPersistData","decl":{"start":{"line":15,"column":16},"end":{"line":15,"column":30}},"loc":{"start":{"line":15,"column":37},"end":{"line":17,"column":1}},"line":15},"3":{"name":"loadComments","decl":{"start":{"line":19,"column":16},"end":{"line":19,"column":28}},"loc":{"start":{"line":19,"column":39},"end":{"line":21,"column":1}},"line":19},"4":{"name":"loadQuestions","decl":{"start":{"line":23,"column":16},"end":{"line":23,"column":29}},"loc":{"start":{"line":23,"column":41},"end":{"line":25,"column":1}},"line":23},"5":{"name":"introCompleted","decl":{"start":{"line":27,"column":16},"end":{"line":27,"column":30}},"loc":{"start":{"line":27,"column":33},"end":{"line":29,"column":1}},"line":27},"6":{"name":"updateRole","decl":{"start":{"line":31,"column":16},"end":{"line":31,"column":26}},"loc":{"start":{"line":31,"column":33},"end":{"line":33,"column":1}},"line":31}},"branchMap":{"0":{"loc":{"start":{"line":9,"column":28},"end":{"line":9,"column":37}},"type":"default-arg","locations":[{"start":{"line":9,"column":35},"end":{"line":9,"column":37}}],"line":9}},"s":{"0":1,"1":1,"2":1,"3":1,"4":1,"5":1,"6":1,"7":0,"8":0,"9":0,"10":0,"11":0,"12":0,"13":0},"f":{"0":0,"1":0,"2":0,"3":0,"4":0,"5":0,"6":0},"b":{"0":[0]},"_coverageSchema":"43e27e138ebf9cfc5966b082cf9a028302ed4184","hash":"6e2e9b78934c0494a7c4d434c30cb1f913c967a8"}
,"/Users/joona/git/Feedbacker-Forum/client/src/api-call.js": {"path":"/Users/joona/git/Feedbacker-Forum/client/src/api-call.js","statementMap":{"0":{"start":{"line":5,"column":23},"end":{"line":5,"column":27}},"1":{"start":{"line":8,"column":15},"end":{"line":8,"column":28}},"2":{"start":{"line":10,"column":25},"end":{"line":11,"column":50}},"3":{"start":{"line":12,"column":2},"end":{"line":12,"column":65}},"4":{"start":{"line":13,"column":2},"end":{"line":13,"column":23}},"5":{"start":{"line":17,"column":2},"end":{"line":36,"column":4}},"6":{"start":{"line":18,"column":4},"end":{"line":18,"column":67}},"7":{"start":{"line":19,"column":4},"end":{"line":35,"column":11}},"8":{"start":{"line":20,"column":20},"end":{"line":20,"column":23}},"9":{"start":{"line":21,"column":20},"end":{"line":26,"column":8}},"10":{"start":{"line":22,"column":8},"end":{"line":25,"column":9}},"11":{"start":{"line":23,"column":10},"end":{"line":23,"column":33}},"12":{"start":{"line":24,"column":10},"end":{"line":24,"column":19}},"13":{"start":{"line":28,"column":6},"end":{"line":32,"column":7}},"14":{"start":{"line":29,"column":8},"end":{"line":29,"column":35}},"15":{"start":{"line":31,"column":8},"end":{"line":31,"column":21}},"16":{"start":{"line":34,"column":6},"end":{"line":34,"column":51}},"17":{"start":{"line":55,"column":14},"end":{"line":55,"column":31}},"18":{"start":{"line":56,"column":16},"end":{"line":56,"column":55}},"19":{"start":{"line":57,"column":20},"end":{"line":57,"column":47}},"20":{"start":{"line":59,"column":15},"end":{"line":65,"column":3}},"21":{"start":{"line":67,"column":2},"end":{"line":70,"column":3}},"22":{"start":{"line":68,"column":4},"end":{"line":68,"column":53}},"23":{"start":{"line":69,"column":4},"end":{"line":69,"column":36}},"24":{"start":{"line":72,"column":19},"end":{"line":72,"column":41}},"25":{"start":{"line":75,"column":2},"end":{"line":90,"column":3}},"26":{"start":{"line":76,"column":4},"end":{"line":78,"column":5}},"27":{"start":{"line":77,"column":6},"end":{"line":77,"column":41}},"28":{"start":{"line":79,"column":4},"end":{"line":89,"column":5}},"29":{"start":{"line":80,"column":6},"end":{"line":80,"column":28}},"30":{"start":{"line":82,"column":21},"end":{"line":84,"column":8}},"31":{"start":{"line":86,"column":6},"end":{"line":86,"column":19}},"32":{"start":{"line":88,"column":6},"end":{"line":88,"column":48}},"33":{"start":{"line":93,"column":2},"end":{"line":93,"column":39}},"34":{"start":{"line":93,"column":24},"end":{"line":93,"column":39}},"35":{"start":{"line":95,"column":15},"end":{"line":95,"column":36}},"36":{"start":{"line":97,"column":2},"end":{"line":105,"column":3}},"37":{"start":{"line":98,"column":20},"end":{"line":98,"column":90}},"38":{"start":{"line":99,"column":4},"end":{"line":99,"column":26}},"39":{"start":{"line":100,"column":4},"end":{"line":100,"column":29}},"40":{"start":{"line":101,"column":4},"end":{"line":101,"column":45}},"41":{"start":{"line":101,"column":20},"end":{"line":101,"column":45}},"42":{"start":{"line":102,"column":4},"end":{"line":102,"column":28}},"43":{"start":{"line":104,"column":4},"end":{"line":104,"column":15}}},"fnMap":{"0":{"name":"retryAuth","decl":{"start":{"line":7,"column":15},"end":{"line":7,"column":24}},"loc":{"start":{"line":7,"column":27},"end":{"line":14,"column":1}},"line":7},"1":{"name":"queueRetryAuth","decl":{"start":{"line":16,"column":9},"end":{"line":16,"column":23}},"loc":{"start":{"line":16,"column":26},"end":{"line":37,"column":1}},"line":16},"2":{"name":"(anonymous_2)","decl":{"start":{"line":17,"column":21},"end":{"line":17,"column":22}},"loc":{"start":{"line":17,"column":42},"end":{"line":36,"column":3}},"line":17},"3":{"name":"(anonymous_3)","decl":{"start":{"line":19,"column":22},"end":{"line":19,"column":23}},"loc":{"start":{"line":19,"column":34},"end":{"line":35,"column":5}},"line":19},"4":{"name":"(anonymous_4)","decl":{"start":{"line":21,"column":35},"end":{"line":21,"column":36}},"loc":{"start":{"line":21,"column":46},"end":{"line":26,"column":7}},"line":21},"5":{"name":"apiCall","decl":{"start":{"line":54,"column":30},"end":{"line":54,"column":37}},"loc":{"start":{"line":54,"column":81},"end":{"line":106,"column":1}},"line":54}},"branchMap":{"0":{"loc":{"start":{"line":22,"column":8},"end":{"line":25,"column":9}},"type":"if","locations":[{"start":{"line":22,"column":8},"end":{"line":25,"column":9}},{"start":{"line":22,"column":8},"end":{"line":25,"column":9}}],"line":22},"1":{"loc":{"start":{"line":22,"column":12},"end":{"line":22,"column":58}},"type":"binary-expr","locations":[{"start":{"line":22,"column":12},"end":{"line":22,"column":22}},{"start":{"line":22,"column":26},"end":{"line":22,"column":58}}],"line":22},"2":{"loc":{"start":{"line":54,"column":56},"end":{"line":54,"column":67}},"type":"default-arg","locations":[{"start":{"line":54,"column":63},"end":{"line":54,"column":67}}],"line":54},"3":{"loc":{"start":{"line":54,"column":69},"end":{"line":54,"column":79}},"type":"default-arg","locations":[{"start":{"line":54,"column":76},"end":{"line":54,"column":79}}],"line":54},"4":{"loc":{"start":{"line":56,"column":16},"end":{"line":56,"column":55}},"type":"cond-expr","locations":[{"start":{"line":56,"column":30},"end":{"line":56,"column":32}},{"start":{"line":56,"column":35},"end":{"line":56,"column":55}}],"line":56},"5":{"loc":{"start":{"line":67,"column":2},"end":{"line":70,"column":3}},"type":"if","locations":[{"start":{"line":67,"column":2},"end":{"line":70,"column":3}},{"start":{"line":67,"column":2},"end":{"line":70,"column":3}}],"line":67},"6":{"loc":{"start":{"line":75,"column":2},"end":{"line":90,"column":3}},"type":"if","locations":[{"start":{"line":75,"column":2},"end":{"line":90,"column":3}},{"start":{"line":75,"column":2},"end":{"line":90,"column":3}}],"line":75},"7":{"loc":{"start":{"line":75,"column":6},"end":{"line":75,"column":99}},"type":"binary-expr","locations":[{"start":{"line":75,"column":6},"end":{"line":75,"column":29}},{"start":{"line":75,"column":33},"end":{"line":75,"column":78}},{"start":{"line":75,"column":82},"end":{"line":75,"column":99}}],"line":75},"8":{"loc":{"start":{"line":76,"column":4},"end":{"line":78,"column":5}},"type":"if","locations":[{"start":{"line":76,"column":4},"end":{"line":78,"column":5}},{"start":{"line":76,"column":4},"end":{"line":78,"column":5}}],"line":76},"9":{"loc":{"start":{"line":93,"column":2},"end":{"line":93,"column":39}},"type":"if","locations":[{"start":{"line":93,"column":2},"end":{"line":93,"column":39}},{"start":{"line":93,"column":2},"end":{"line":93,"column":39}}],"line":93},"10":{"loc":{"start":{"line":97,"column":2},"end":{"line":105,"column":3}},"type":"if","locations":[{"start":{"line":97,"column":2},"end":{"line":105,"column":3}},{"start":{"line":97,"column":2},"end":{"line":105,"column":3}}],"line":97},"11":{"loc":{"start":{"line":97,"column":6},"end":{"line":97,"column":54}},"type":"binary-expr","locations":[{"start":{"line":97,"column":6},"end":{"line":97,"column":28}},{"start":{"line":97,"column":32},"end":{"line":97,"column":54}}],"line":97},"12":{"loc":{"start":{"line":101,"column":4},"end":{"line":101,"column":45}},"type":"if","locations":[{"start":{"line":101,"column":4},"end":{"line":101,"column":45}},{"start":{"line":101,"column":4},"end":{"line":101,"column":45}}],"line":101}},"s":{"0":1,"1":0,"2":0,"3":0,"4":0,"5":0,"6":0,"7":0,"8":0,"9":0,"10":0,"11":0,"12":0,"13":0,"14":0,"15":0,"16":0,"17":0,"18":0,"19":0,"20":0,"21":0,"22":0,"23":0,"24":0,"25":0,"26":0,"27":0,"28":0,"29":0,"30":0,"31":0,"32":0,"33":0,"34":0,"35":0,"36":0,"37":0,"38":0,"39":0,"40":0,"41":0,"42":0,"43":0},"f":{"0":0,"1":0,"2":0,"3":0,"4":0,"5":0},"b":{"0":[0,0],"1":[0,0],"2":[0],"3":[0],"4":[0,0],"5":[0,0],"6":[0,0],"7":[0,0,0],"8":[0,0],"9":[0,0],"10":[0,0],"11":[0,0],"12":[0,0]},"_coverageSchema":"43e27e138ebf9cfc5966b082cf9a028302ed4184","hash":"3e42b711632814330dcf3832f394abb24f7c3035"}
,"/Users/joona/git/Feedbacker-Forum/client/src/assert.js": {"path":"/Users/joona/git/Feedbacker-Forum/client/src/assert.js","statementMap":{"0":{"start":{"line":3,"column":2},"end":{"line":3,"column":18}},"1":{"start":{"line":3,"column":12},"end":{"line":3,"column":18}},"2":{"start":{"line":4,"column":2},"end":{"line":4,"column":44}},"3":{"start":{"line":5,"column":2},"end":{"line":5,"column":37}},"4":{"start":{"line":8,"column":47},"end":{"line":8,"column":56}}},"fnMap":{"0":{"name":"developmentAssert","decl":{"start":{"line":2,"column":9},"end":{"line":2,"column":26}},"loc":{"start":{"line":2,"column":42},"end":{"line":6,"column":1}},"line":2},"1":{"name":"(anonymous_1)","decl":{"start":{"line":8,"column":41},"end":{"line":8,"column":42}},"loc":{"start":{"line":8,"column":47},"end":{"line":8,"column":56}},"line":8}},"branchMap":{"0":{"loc":{"start":{"line":3,"column":2},"end":{"line":3,"column":18}},"type":"if","locations":[{"start":{"line":3,"column":2},"end":{"line":3,"column":18}},{"start":{"line":3,"column":2},"end":{"line":3,"column":18}}],"line":3},"1":{"loc":{"start":{"line":8,"column":15},"end":{"line":8,"column":56}},"type":"cond-expr","locations":[{"start":{"line":8,"column":21},"end":{"line":8,"column":38}},{"start":{"line":8,"column":41},"end":{"line":8,"column":56}}],"line":8}},"s":{"0":0,"1":0,"2":0,"3":0,"4":0},"f":{"0":0,"1":0},"b":{"0":[0,0],"1":[0,0]}}
,"/Users/joona/git/Feedbacker-Forum/client/src/dom-tagging.js": {"path":"/Users/joona/git/Feedbacker-Forum/client/src/dom-tagging.js","statementMap":{"0":{"start":{"line":9,"column":21},"end":{"line":13,"column":1}},"1":{"start":{"line":10,"column":2},"end":{"line":12,"column":23}},"2":{"start":{"line":11,"column":4},"end":{"line":11,"column":43}},"3":{"start":{"line":12,"column":9},"end":{"line":12,"column":23}},"4":{"start":{"line":15,"column":17},"end":{"line":32,"column":1}},"5":{"start":{"line":17,"column":22},"end":{"line":28,"column":3}},"6":{"start":{"line":18,"column":4},"end":{"line":18,"column":53}},"7":{"start":{"line":18,"column":36},"end":{"line":18,"column":53}},"8":{"start":{"line":19,"column":4},"end":{"line":19,"column":60}},"9":{"start":{"line":19,"column":35},"end":{"line":19,"column":60}},"10":{"start":{"line":21,"column":13},"end":{"line":21,"column":14}},"11":{"start":{"line":22,"column":21},"end":{"line":22,"column":50}},"12":{"start":{"line":23,"column":4},"end":{"line":27,"column":5}},"13":{"start":{"line":23,"column":17},"end":{"line":23,"column":18}},"14":{"start":{"line":24,"column":22},"end":{"line":24,"column":33}},"15":{"start":{"line":25,"column":6},"end":{"line":25,"column":104}},"16":{"start":{"line":25,"column":31},"end":{"line":25,"column":104}},"17":{"start":{"line":26,"column":6},"end":{"line":26,"column":77}},"18":{"start":{"line":26,"column":73},"end":{"line":26,"column":77}},"19":{"start":{"line":30,"column":2},"end":{"line":30,"column":33}},"20":{"start":{"line":31,"column":2},"end":{"line":31,"column":29}},"21":{"start":{"line":34,"column":26},"end":{"line":42,"column":1}},"22":{"start":{"line":35,"column":2},"end":{"line":41,"column":19}},"23":{"start":{"line":47,"column":26},"end":{"line":58,"column":1}},"24":{"start":{"line":48,"column":11},"end":{"line":48,"column":23}},"25":{"start":{"line":49,"column":2},"end":{"line":49,"column":27}},"26":{"start":{"line":49,"column":18},"end":{"line":49,"column":27}},"27":{"start":{"line":50,"column":18},"end":{"line":50,"column":22}},"28":{"start":{"line":51,"column":2},"end":{"line":55,"column":3}},"29":{"start":{"line":52,"column":4},"end":{"line":52,"column":25}},"30":{"start":{"line":54,"column":4},"end":{"line":54,"column":23}},"31":{"start":{"line":57,"column":2},"end":{"line":57,"column":26}},"32":{"start":{"line":61,"column":26},"end":{"line":65,"column":1}},"33":{"start":{"line":62,"column":17},"end":{"line":62,"column":22}},"34":{"start":{"line":63,"column":2},"end":{"line":63,"column":44}},"35":{"start":{"line":63,"column":13},"end":{"line":63,"column":44}},"36":{"start":{"line":64,"column":2},"end":{"line":64,"column":26}},"37":{"start":{"line":70,"column":18},"end":{"line":70,"column":23}},"38":{"start":{"line":74,"column":19},"end":{"line":78,"column":1}},"39":{"start":{"line":75,"column":2},"end":{"line":77,"column":37}},"40":{"start":{"line":80,"column":18},"end":{"line":80,"column":20}},"41":{"start":{"line":82,"column":33},"end":{"line":82,"column":79}},"42":{"start":{"line":82,"column":45},"end":{"line":82,"column":79}},"43":{"start":{"line":84,"column":41},"end":{"line":84,"column":91}},"44":{"start":{"line":84,"column":53},"end":{"line":84,"column":91}},"45":{"start":{"line":86,"column":31},"end":{"line":101,"column":1}},"46":{"start":{"line":87,"column":20},"end":{"line":87,"column":53}},"47":{"start":{"line":89,"column":2},"end":{"line":89,"column":23}},"48":{"start":{"line":91,"column":2},"end":{"line":93,"column":4}},"49":{"start":{"line":92,"column":4},"end":{"line":92,"column":57}},"50":{"start":{"line":92,"column":25},"end":{"line":92,"column":57}},"51":{"start":{"line":96,"column":2},"end":{"line":100,"column":39}},"52":{"start":{"line":97,"column":4},"end":{"line":99,"column":5}},"53":{"start":{"line":98,"column":6},"end":{"line":98,"column":33}},"54":{"start":{"line":100,"column":9},"end":{"line":100,"column":39}},"55":{"start":{"line":105,"column":20},"end":{"line":110,"column":1}},"56":{"start":{"line":106,"column":13},"end":{"line":106,"column":25}},"57":{"start":{"line":107,"column":2},"end":{"line":109,"column":3}},"58":{"start":{"line":108,"column":4},"end":{"line":108,"column":30}},"59":{"start":{"line":112,"column":20},"end":{"line":123,"column":1}},"60":{"start":{"line":114,"column":2},"end":{"line":121,"column":3}},"61":{"start":{"line":115,"column":4},"end":{"line":120,"column":5}},"62":{"start":{"line":116,"column":6},"end":{"line":116,"column":36}},"63":{"start":{"line":119,"column":6},"end":{"line":119,"column":25}},"64":{"start":{"line":122,"column":2},"end":{"line":122,"column":24}},"65":{"start":{"line":125,"column":35},"end":{"line":135,"column":1}},"66":{"start":{"line":126,"column":2},"end":{"line":134,"column":3}},"67":{"start":{"line":127,"column":4},"end":{"line":127,"column":60}},"68":{"start":{"line":128,"column":4},"end":{"line":128,"column":59}},"69":{"start":{"line":129,"column":4},"end":{"line":129,"column":56}},"70":{"start":{"line":131,"column":4},"end":{"line":131,"column":63}},"71":{"start":{"line":132,"column":4},"end":{"line":132,"column":62}},"72":{"start":{"line":133,"column":4},"end":{"line":133,"column":59}},"73":{"start":{"line":137,"column":26},"end":{"line":141,"column":1}},"74":{"start":{"line":138,"column":2},"end":{"line":138,"column":28}},"75":{"start":{"line":139,"column":2},"end":{"line":139,"column":31}},"76":{"start":{"line":140,"column":2},"end":{"line":140,"column":30}},"77":{"start":{"line":143,"column":29},"end":{"line":152,"column":1}},"78":{"start":{"line":144,"column":22},"end":{"line":144,"column":31}},"79":{"start":{"line":145,"column":2},"end":{"line":151,"column":3}},"80":{"start":{"line":154,"column":0},"end":{"line":154,"column":22}}},"fnMap":{"0":{"name":"(anonymous_0)","decl":{"start":{"line":9,"column":21},"end":{"line":9,"column":22}},"loc":{"start":{"line":9,"column":34},"end":{"line":13,"column":1}},"line":9},"1":{"name":"(anonymous_1)","decl":{"start":{"line":15,"column":17},"end":{"line":15,"column":18}},"loc":{"start":{"line":15,"column":30},"end":{"line":32,"column":1}},"line":15},"2":{"name":"(anonymous_2)","decl":{"start":{"line":17,"column":22},"end":{"line":17,"column":23}},"loc":{"start":{"line":17,"column":35},"end":{"line":28,"column":3}},"line":17},"3":{"name":"(anonymous_3)","decl":{"start":{"line":34,"column":26},"end":{"line":34,"column":27}},"loc":{"start":{"line":34,"column":34},"end":{"line":42,"column":1}},"line":34},"4":{"name":"(anonymous_4)","decl":{"start":{"line":47,"column":26},"end":{"line":47,"column":27}},"loc":{"start":{"line":47,"column":37},"end":{"line":58,"column":1}},"line":47},"5":{"name":"(anonymous_5)","decl":{"start":{"line":61,"column":26},"end":{"line":61,"column":27}},"loc":{"start":{"line":61,"column":37},"end":{"line":65,"column":1}},"line":61},"6":{"name":"(anonymous_6)","decl":{"start":{"line":74,"column":19},"end":{"line":74,"column":20}},"loc":{"start":{"line":75,"column":2},"end":{"line":77,"column":37}},"line":75},"7":{"name":"(anonymous_7)","decl":{"start":{"line":82,"column":33},"end":{"line":82,"column":34}},"loc":{"start":{"line":82,"column":45},"end":{"line":82,"column":79}},"line":82},"8":{"name":"(anonymous_8)","decl":{"start":{"line":84,"column":41},"end":{"line":84,"column":42}},"loc":{"start":{"line":84,"column":53},"end":{"line":84,"column":91}},"line":84},"9":{"name":"(anonymous_9)","decl":{"start":{"line":86,"column":31},"end":{"line":86,"column":32}},"loc":{"start":{"line":86,"column":57},"end":{"line":101,"column":1}},"line":86},"10":{"name":"(anonymous_10)","decl":{"start":{"line":91,"column":56},"end":{"line":91,"column":57}},"loc":{"start":{"line":91,"column":68},"end":{"line":93,"column":3}},"line":91},"11":{"name":"(anonymous_11)","decl":{"start":{"line":105,"column":20},"end":{"line":105,"column":21}},"loc":{"start":{"line":105,"column":31},"end":{"line":110,"column":1}},"line":105},"12":{"name":"(anonymous_12)","decl":{"start":{"line":112,"column":20},"end":{"line":112,"column":21}},"loc":{"start":{"line":112,"column":31},"end":{"line":123,"column":1}},"line":112},"13":{"name":"(anonymous_13)","decl":{"start":{"line":125,"column":35},"end":{"line":125,"column":36}},"loc":{"start":{"line":125,"column":41},"end":{"line":135,"column":1}},"line":125},"14":{"name":"(anonymous_14)","decl":{"start":{"line":137,"column":26},"end":{"line":137,"column":27}},"loc":{"start":{"line":137,"column":32},"end":{"line":141,"column":1}},"line":137},"15":{"name":"(anonymous_15)","decl":{"start":{"line":143,"column":29},"end":{"line":143,"column":30}},"loc":{"start":{"line":143,"column":35},"end":{"line":152,"column":1}},"line":143}},"branchMap":{"0":{"loc":{"start":{"line":10,"column":2},"end":{"line":12,"column":23}},"type":"if","locations":[{"start":{"line":10,"column":2},"end":{"line":12,"column":23}},{"start":{"line":10,"column":2},"end":{"line":12,"column":23}}],"line":10},"1":{"loc":{"start":{"line":18,"column":4},"end":{"line":18,"column":53}},"type":"if","locations":[{"start":{"line":18,"column":4},"end":{"line":18,"column":53}},{"start":{"line":18,"column":4},"end":{"line":18,"column":53}}],"line":18},"2":{"loc":{"start":{"line":19,"column":4},"end":{"line":19,"column":60}},"type":"if","locations":[{"start":{"line":19,"column":4},"end":{"line":19,"column":60}},{"start":{"line":19,"column":4},"end":{"line":19,"column":60}}],"line":19},"3":{"loc":{"start":{"line":25,"column":6},"end":{"line":25,"column":104}},"type":"if","locations":[{"start":{"line":25,"column":6},"end":{"line":25,"column":104}},{"start":{"line":25,"column":6},"end":{"line":25,"column":104}}],"line":25},"4":{"loc":{"start":{"line":26,"column":6},"end":{"line":26,"column":77}},"type":"if","locations":[{"start":{"line":26,"column":6},"end":{"line":26,"column":77}},{"start":{"line":26,"column":6},"end":{"line":26,"column":77}}],"line":26},"5":{"loc":{"start":{"line":26,"column":10},"end":{"line":26,"column":71}},"type":"binary-expr","locations":[{"start":{"line":26,"column":10},"end":{"line":26,"column":32}},{"start":{"line":26,"column":36},"end":{"line":26,"column":71}}],"line":26},"6":{"loc":{"start":{"line":49,"column":2},"end":{"line":49,"column":27}},"type":"if","locations":[{"start":{"line":49,"column":2},"end":{"line":49,"column":27}},{"start":{"line":49,"column":2},"end":{"line":49,"column":27}}],"line":49},"7":{"loc":{"start":{"line":63,"column":2},"end":{"line":63,"column":44}},"type":"if","locations":[{"start":{"line":63,"column":2},"end":{"line":63,"column":44}},{"start":{"line":63,"column":2},"end":{"line":63,"column":44}}],"line":63},"8":{"loc":{"start":{"line":75,"column":2},"end":{"line":77,"column":37}},"type":"binary-expr","locations":[{"start":{"line":75,"column":2},"end":{"line":75,"column":40}},{"start":{"line":76,"column":7},"end":{"line":76,"column":26}},{"start":{"line":77,"column":7},"end":{"line":77,"column":37}}],"line":75},"9":{"loc":{"start":{"line":86,"column":36},"end":{"line":86,"column":52}},"type":"default-arg","locations":[{"start":{"line":86,"column":47},"end":{"line":86,"column":52}}],"line":86},"10":{"loc":{"start":{"line":92,"column":4},"end":{"line":92,"column":57}},"type":"if","locations":[{"start":{"line":92,"column":4},"end":{"line":92,"column":57}},{"start":{"line":92,"column":4},"end":{"line":92,"column":57}}],"line":92},"11":{"loc":{"start":{"line":96,"column":2},"end":{"line":100,"column":39}},"type":"if","locations":[{"start":{"line":96,"column":2},"end":{"line":100,"column":39}},{"start":{"line":96,"column":2},"end":{"line":100,"column":39}}],"line":96},"12":{"loc":{"start":{"line":97,"column":4},"end":{"line":99,"column":5}},"type":"if","locations":[{"start":{"line":97,"column":4},"end":{"line":99,"column":5}},{"start":{"line":97,"column":4},"end":{"line":99,"column":5}}],"line":97},"13":{"loc":{"start":{"line":107,"column":2},"end":{"line":109,"column":3}},"type":"if","locations":[{"start":{"line":107,"column":2},"end":{"line":109,"column":3}},{"start":{"line":107,"column":2},"end":{"line":109,"column":3}}],"line":107},"14":{"loc":{"start":{"line":114,"column":2},"end":{"line":121,"column":3}},"type":"if","locations":[{"start":{"line":114,"column":2},"end":{"line":121,"column":3}},{"start":{"line":114,"column":2},"end":{"line":121,"column":3}}],"line":114},"15":{"loc":{"start":{"line":115,"column":4},"end":{"line":120,"column":5}},"type":"if","locations":[{"start":{"line":115,"column":4},"end":{"line":120,"column":5}},{"start":{"line":115,"column":4},"end":{"line":120,"column":5}}],"line":115},"16":{"loc":{"start":{"line":126,"column":2},"end":{"line":134,"column":3}},"type":"if","locations":[{"start":{"line":126,"column":2},"end":{"line":134,"column":3}},{"start":{"line":126,"column":2},"end":{"line":134,"column":3}}],"line":126}},"s":{"0":1,"1":0,"2":0,"3":0,"4":1,"5":0,"6":0,"7":0,"8":0,"9":0,"10":0,"11":0,"12":0,"13":0,"14":0,"15":0,"16":0,"17":0,"18":0,"19":0,"20":0,"21":1,"22":0,"23":1,"24":0,"25":0,"26":0,"27":0,"28":0,"29":0,"30":0,"31":0,"32":1,"33":0,"34":0,"35":0,"36":0,"37":1,"38":1,"39":0,"40":1,"41":1,"42":0,"43":1,"44":0,"45":1,"46":0,"47":0,"48":0,"49":0,"50":0,"51":0,"52":0,"53":0,"54":0,"55":1,"56":0,"57":0,"58":0,"59":1,"60":0,"61":0,"62":0,"63":0,"64":0,"65":1,"66":0,"67":0,"68":0,"69":0,"70":0,"71":0,"72":0,"73":1,"74":0,"75":0,"76":0,"77":1,"78":1,"79":1,"80":1},"f":{"0":0,"1":0,"2":0,"3":0,"4":0,"5":0,"6":0,"7":0,"8":0,"9":0,"10":0,"11":0,"12":0,"13":0,"14":0,"15":1},"b":{"0":[0,0],"1":[0,0],"2":[0,0],"3":[0,0],"4":[0,0],"5":[0,0],"6":[0,0],"7":[0,0],"8":[0,0,0],"9":[0],"10":[0,0],"11":[0,0],"12":[0,0],"13":[0,0],"14":[0,0],"15":[0,0],"16":[0,0]},"_coverageSchema":"43e27e138ebf9cfc5966b082cf9a028302ed4184","hash":"395721ed3be499d6db6fd244cc3a4dabe979b953"}
,"/Users/joona/git/Feedbacker-Forum/client/src/globals.js": {"path":"/Users/joona/git/Feedbacker-Forum/client/src/globals.js","statementMap":{"0":{"start":{"line":5,"column":12},"end":{"line":5,"column":15}},"1":{"start":{"line":6,"column":26},"end":{"line":6,"column":27}},"2":{"start":{"line":7,"column":15},"end":{"line":7,"column":19}},"3":{"start":{"line":8,"column":28},"end":{"line":8,"column":37}},"4":{"start":{"line":10,"column":25},"end":{"line":10,"column":29}},"5":{"start":{"line":15,"column":2},"end":{"line":15,"column":23}},"6":{"start":{"line":16,"column":2},"end":{"line":16,"column":52}},"7":{"start":{"line":18,"column":2},"end":{"line":18,"column":36}},"8":{"start":{"line":18,"column":25},"end":{"line":18,"column":36}},"9":{"start":{"line":20,"column":2},"end":{"line":20,"column":28}},"10":{"start":{"line":25,"column":2},"end":{"line":25,"column":35}},"11":{"start":{"line":29,"column":2},"end":{"line":29,"column":27}},"12":{"start":{"line":33,"column":2},"end":{"line":33,"column":17}},"13":{"start":{"line":37,"column":2},"end":{"line":37,"column":17}},"14":{"start":{"line":41,"column":2},"end":{"line":41,"column":27}},"15":{"start":{"line":45,"column":2},"end":{"line":48,"column":3}},"16":{"start":{"line":46,"column":4},"end":{"line":46,"column":17}},"17":{"start":{"line":47,"column":4},"end":{"line":47,"column":48}},"18":{"start":{"line":47,"column":38},"end":{"line":47,"column":47}},"19":{"start":{"line":52,"column":2},"end":{"line":52,"column":14}},"20":{"start":{"line":56,"column":2},"end":{"line":64,"column":4}},"21":{"start":{"line":57,"column":4},"end":{"line":63,"column":5}},"22":{"start":{"line":57,"column":27},"end":{"line":57,"column":41}},"23":{"start":{"line":59,"column":20},"end":{"line":62,"column":8}},"24":{"start":{"line":60,"column":8},"end":{"line":60,"column":31}},"25":{"start":{"line":61,"column":8},"end":{"line":61,"column":22}},"26":{"start":{"line":68,"column":18},"end":{"line":68,"column":88}},"27":{"start":{"line":69,"column":2},"end":{"line":74,"column":4}},"28":{"start":{"line":72,"column":6},"end":{"line":72,"column":55}},"29":{"start":{"line":80,"column":2},"end":{"line":84,"column":3}},"30":{"start":{"line":81,"column":19},"end":{"line":81,"column":38}},"31":{"start":{"line":82,"column":19},"end":{"line":82,"column":63}},"32":{"start":{"line":83,"column":4},"end":{"line":83,"column":30}},"33":{"start":{"line":83,"column":16},"end":{"line":83,"column":30}}},"fnMap":{"0":{"name":"subscribeUsers","decl":{"start":{"line":14,"column":16},"end":{"line":14,"column":30}},"loc":{"start":{"line":14,"column":37},"end":{"line":21,"column":1}},"line":14},"1":{"name":"unsubscribeUsers","decl":{"start":{"line":24,"column":16},"end":{"line":24,"column":32}},"loc":{"start":{"line":24,"column":40},"end":{"line":26,"column":1}},"line":24},"2":{"name":"subscribeUpdateUsers","decl":{"start":{"line":28,"column":16},"end":{"line":28,"column":36}},"loc":{"start":{"line":28,"column":43},"end":{"line":30,"column":1}},"line":28},"3":{"name":"setUserName","decl":{"start":{"line":32,"column":16},"end":{"line":32,"column":27}},"loc":{"start":{"line":32,"column":34},"end":{"line":34,"column":1}},"line":32},"4":{"name":"getUserName","decl":{"start":{"line":36,"column":16},"end":{"line":36,"column":27}},"loc":{"start":{"line":36,"column":30},"end":{"line":38,"column":1}},"line":36},"5":{"name":"updateUsers","decl":{"start":{"line":40,"column":16},"end":{"line":40,"column":27}},"loc":{"start":{"line":40,"column":35},"end":{"line":42,"column":1}},"line":40},"6":{"name":"setUsers","decl":{"start":{"line":44,"column":16},"end":{"line":44,"column":24}},"loc":{"start":{"line":44,"column":32},"end":{"line":49,"column":1}},"line":44},"7":{"name":"(anonymous_7)","decl":{"start":{"line":47,"column":32},"end":{"line":47,"column":33}},"loc":{"start":{"line":47,"column":38},"end":{"line":47,"column":47}},"line":47},"8":{"name":"getUsers","decl":{"start":{"line":51,"column":16},"end":{"line":51,"column":24}},"loc":{"start":{"line":51,"column":27},"end":{"line":53,"column":1}},"line":51},"9":{"name":"waitForUsers","decl":{"start":{"line":55,"column":16},"end":{"line":55,"column":28}},"loc":{"start":{"line":55,"column":31},"end":{"line":65,"column":1}},"line":55},"10":{"name":"(anonymous_10)","decl":{"start":{"line":56,"column":21},"end":{"line":56,"column":22}},"loc":{"start":{"line":56,"column":34},"end":{"line":64,"column":3}},"line":56},"11":{"name":"(anonymous_11)","decl":{"start":{"line":59,"column":35},"end":{"line":59,"column":36}},"loc":{"start":{"line":59,"column":46},"end":{"line":62,"column":7}},"line":59},"12":{"name":"showCookieToast","decl":{"start":{"line":67,"column":16},"end":{"line":67,"column":31}},"loc":{"start":{"line":67,"column":42},"end":{"line":75,"column":1}},"line":67},"13":{"name":"(anonymous_13)","decl":{"start":{"line":71,"column":13},"end":{"line":71,"column":14}},"loc":{"start":{"line":71,"column":19},"end":{"line":73,"column":5}},"line":71},"14":{"name":"keyPressSubmit","decl":{"start":{"line":79,"column":16},"end":{"line":79,"column":30}},"loc":{"start":{"line":79,"column":34},"end":{"line":85,"column":1}},"line":79}},"branchMap":{"0":{"loc":{"start":{"line":18,"column":2},"end":{"line":18,"column":36}},"type":"if","locations":[{"start":{"line":18,"column":2},"end":{"line":18,"column":36}},{"start":{"line":18,"column":2},"end":{"line":18,"column":36}}],"line":18},"1":{"loc":{"start":{"line":45,"column":2},"end":{"line":48,"column":3}},"type":"if","locations":[{"start":{"line":45,"column":2},"end":{"line":48,"column":3}},{"start":{"line":45,"column":2},"end":{"line":48,"column":3}}],"line":45},"2":{"loc":{"start":{"line":57,"column":4},"end":{"line":63,"column":5}},"type":"if","locations":[{"start":{"line":57,"column":4},"end":{"line":63,"column":5}},{"start":{"line":57,"column":4},"end":{"line":63,"column":5}}],"line":57},"3":{"loc":{"start":{"line":80,"column":2},"end":{"line":84,"column":3}},"type":"if","locations":[{"start":{"line":80,"column":2},"end":{"line":84,"column":3}},{"start":{"line":80,"column":2},"end":{"line":84,"column":3}}],"line":80},"4":{"loc":{"start":{"line":80,"column":6},"end":{"line":80,"column":51}},"type":"binary-expr","locations":[{"start":{"line":80,"column":7},"end":{"line":80,"column":16}},{"start":{"line":80,"column":20},"end":{"line":80,"column":29}},{"start":{"line":80,"column":34},"end":{"line":80,"column":51}}],"line":80},"5":{"loc":{"start":{"line":83,"column":4},"end":{"line":83,"column":30}},"type":"if","locations":[{"start":{"line":83,"column":4},"end":{"line":83,"column":30}},{"start":{"line":83,"column":4},"end":{"line":83,"column":30}}],"line":83}},"s":{"0":1,"1":1,"2":1,"3":1,"4":1,"5":0,"6":0,"7":0,"8":0,"9":0,"10":0,"11":0,"12":0,"13":0,"14":0,"15":0,"16":0,"17":0,"18":0,"19":0,"20":0,"21":0,"22":0,"23":0,"24":0,"25":0,"26":0,"27":0,"28":0,"29":0,"30":0,"31":0,"32":0,"33":0},"f":{"0":0,"1":0,"2":0,"3":0,"4":0,"5":0,"6":0,"7":0,"8":0,"9":0,"10":0,"11":0,"12":0,"13":0,"14":0},"b":{"0":[0,0],"1":[0,0],"2":[0,0],"3":[0,0],"4":[0,0,0],"5":[0,0]},"_coverageSchema":"43e27e138ebf9cfc5966b082cf9a028302ed4184","hash":"828a3a15d9ec409470f884d94829e019dcf96b3f"}
,"/Users/joona/git/Feedbacker-Forum/client/src/index.js": {"path":"/Users/joona/git/Feedbacker-Forum/client/src/index.js","statementMap":{"0":{"start":{"line":30,"column":12},"end":{"line":30,"column":35}},"1":{"start":{"line":32,"column":21},"end":{"line":32,"column":35}},"2":{"start":{"line":33,"column":20},"end":{"line":33,"column":33}},"3":{"start":{"line":34,"column":17},"end":{"line":34,"column":27}},"4":{"start":{"line":35,"column":24},"end":{"line":35,"column":41}},"5":{"start":{"line":36,"column":20},"end":{"line":36,"column":33}},"6":{"start":{"line":37,"column":23},"end":{"line":37,"column":39}},"7":{"start":{"line":40,"column":2},"end":{"line":55,"column":3}},"8":{"start":{"line":42,"column":6},"end":{"line":42,"column":25}},"9":{"start":{"line":45,"column":6},"end":{"line":45,"column":49}},"10":{"start":{"line":48,"column":6},"end":{"line":51,"column":7}},"11":{"start":{"line":54,"column":6},"end":{"line":54,"column":18}},"12":{"start":{"line":59,"column":2},"end":{"line":71,"column":3}},"13":{"start":{"line":61,"column":6},"end":{"line":61,"column":28}},"14":{"start":{"line":70,"column":6},"end":{"line":70,"column":18}},"15":{"start":{"line":75,"column":2},"end":{"line":80,"column":3}},"16":{"start":{"line":77,"column":6},"end":{"line":77,"column":24}},"17":{"start":{"line":79,"column":6},"end":{"line":79,"column":18}},"18":{"start":{"line":84,"column":2},"end":{"line":89,"column":3}},"19":{"start":{"line":86,"column":6},"end":{"line":86,"column":29}},"20":{"start":{"line":88,"column":6},"end":{"line":88,"column":18}},"21":{"start":{"line":92,"column":16},"end":{"line":97,"column":2}},"22":{"start":{"line":99,"column":14},"end":{"line":99,"column":34}},"23":{"start":{"line":103,"column":4},"end":{"line":103,"column":16}},"24":{"start":{"line":105,"column":4},"end":{"line":105,"column":72}},"25":{"start":{"line":106,"column":4},"end":{"line":106,"column":74}},"26":{"start":{"line":107,"column":4},"end":{"line":107,"column":70}},"27":{"start":{"line":108,"column":4},"end":{"line":108,"column":66}},"28":{"start":{"line":109,"column":4},"end":{"line":109,"column":64}},"29":{"start":{"line":111,"column":4},"end":{"line":116,"column":5}},"30":{"start":{"line":120,"column":4},"end":{"line":122,"column":7}},"31":{"start":{"line":120,"column":28},"end":{"line":122,"column":5}},"32":{"start":{"line":126,"column":4},"end":{"line":128,"column":7}},"33":{"start":{"line":126,"column":28},"end":{"line":128,"column":5}},"34":{"start":{"line":132,"column":4},"end":{"line":134,"column":7}},"35":{"start":{"line":132,"column":28},"end":{"line":134,"column":5}},"36":{"start":{"line":138,"column":18},"end":{"line":138,"column":53}},"37":{"start":{"line":139,"column":4},"end":{"line":141,"column":6}},"38":{"start":{"line":145,"column":4},"end":{"line":147,"column":6}},"39":{"start":{"line":155,"column":8},"end":{"line":155,"column":18}},"40":{"start":{"line":157,"column":4},"end":{"line":193,"column":5}},"41":{"start":{"line":197,"column":20},"end":{"line":202,"column":1}},"42":{"start":{"line":198,"column":2},"end":{"line":201,"column":6}},"43":{"start":{"line":200,"column":6},"end":{"line":200,"column":44}},"44":{"start":{"line":204,"column":23},"end":{"line":204,"column":57}},"45":{"start":{"line":206,"column":19},"end":{"line":281,"column":1}},"46":{"start":{"line":207,"column":2},"end":{"line":209,"column":3}},"47":{"start":{"line":208,"column":4},"end":{"line":208,"column":10}},"48":{"start":{"line":211,"column":2},"end":{"line":211,"column":31}},"49":{"start":{"line":213,"column":30},"end":{"line":217,"column":3}},"50":{"start":{"line":214,"column":21},"end":{"line":214,"column":76}},"51":{"start":{"line":216,"column":4},"end":{"line":216,"column":100}},"52":{"start":{"line":216,"column":21},"end":{"line":216,"column":100}},"53":{"start":{"line":219,"column":2},"end":{"line":219,"column":23}},"54":{"start":{"line":221,"column":22},"end":{"line":249,"column":3}},"55":{"start":{"line":222,"column":4},"end":{"line":222,"column":42}},"56":{"start":{"line":224,"column":4},"end":{"line":248,"column":5}},"57":{"start":{"line":225,"column":6},"end":{"line":234,"column":7}},"58":{"start":{"line":226,"column":31},"end":{"line":227,"column":49}},"59":{"start":{"line":229,"column":8},"end":{"line":229,"column":66}},"60":{"start":{"line":231,"column":8},"end":{"line":231,"column":67}},"61":{"start":{"line":233,"column":8},"end":{"line":233,"column":71}},"62":{"start":{"line":236,"column":21},"end":{"line":236,"column":56}},"63":{"start":{"line":238,"column":6},"end":{"line":240,"column":7}},"64":{"start":{"line":239,"column":8},"end":{"line":239,"column":64}},"65":{"start":{"line":239,"column":52},"end":{"line":239,"column":64}},"66":{"start":{"line":242,"column":6},"end":{"line":242,"column":37}},"67":{"start":{"line":243,"column":6},"end":{"line":243,"column":38}},"68":{"start":{"line":245,"column":6},"end":{"line":247,"column":7}},"69":{"start":{"line":246,"column":8},"end":{"line":246,"column":51}},"70":{"start":{"line":251,"column":22},"end":{"line":251,"column":47}},"71":{"start":{"line":253,"column":2},"end":{"line":253,"column":15}},"72":{"start":{"line":255,"column":2},"end":{"line":260,"column":4}},"73":{"start":{"line":256,"column":20},"end":{"line":256,"column":51}},"74":{"start":{"line":257,"column":4},"end":{"line":257,"column":24}},"75":{"start":{"line":258,"column":4},"end":{"line":258,"column":34}},"76":{"start":{"line":259,"column":4},"end":{"line":259,"column":29}},"77":{"start":{"line":262,"column":2},"end":{"line":264,"column":4}},"78":{"start":{"line":263,"column":4},"end":{"line":263,"column":55}},"79":{"start":{"line":266,"column":2},"end":{"line":269,"column":6}},"80":{"start":{"line":268,"column":6},"end":{"line":268,"column":44}},"81":{"start":{"line":271,"column":15},"end":{"line":271,"column":33}},"82":{"start":{"line":273,"column":2},"end":{"line":273,"column":27}},"83":{"start":{"line":275,"column":2},"end":{"line":280,"column":3}},"84":{"start":{"line":283,"column":12},"end":{"line":283,"column":36}},"85":{"start":{"line":284,"column":23},"end":{"line":289,"column":1}},"86":{"start":{"line":285,"column":2},"end":{"line":287,"column":3}},"87":{"start":{"line":286,"column":4},"end":{"line":286,"column":17}},"88":{"start":{"line":288,"column":2},"end":{"line":288,"column":34}},"89":{"start":{"line":291,"column":0},"end":{"line":291,"column":32}},"90":{"start":{"line":293,"column":0},"end":{"line":293,"column":12}},"91":{"start":{"line":294,"column":0},"end":{"line":294,"column":57}},"92":{"start":{"line":295,"column":0},"end":{"line":295,"column":43}}},"fnMap":{"0":{"name":"persistReducer","decl":{"start":{"line":39,"column":9},"end":{"line":39,"column":23}},"loc":{"start":{"line":39,"column":45},"end":{"line":56,"column":1}},"line":39},"1":{"name":"commentsReducer","decl":{"start":{"line":58,"column":9},"end":{"line":58,"column":24}},"loc":{"start":{"line":58,"column":45},"end":{"line":72,"column":1}},"line":58},"2":{"name":"roleReducer","decl":{"start":{"line":74,"column":9},"end":{"line":74,"column":20}},"loc":{"start":{"line":74,"column":41},"end":{"line":81,"column":1}},"line":74},"3":{"name":"questionReducer","decl":{"start":{"line":83,"column":9},"end":{"line":83,"column":24}},"loc":{"start":{"line":83,"column":45},"end":{"line":90,"column":1}},"line":83},"4":{"name":"(anonymous_4)","decl":{"start":{"line":102,"column":2},"end":{"line":102,"column":3}},"loc":{"start":{"line":102,"column":21},"end":{"line":117,"column":3}},"line":102},"5":{"name":"(anonymous_5)","decl":{"start":{"line":119,"column":2},"end":{"line":119,"column":3}},"loc":{"start":{"line":119,"column":27},"end":{"line":123,"column":3}},"line":119},"6":{"name":"(anonymous_6)","decl":{"start":{"line":120,"column":18},"end":{"line":120,"column":19}},"loc":{"start":{"line":120,"column":28},"end":{"line":122,"column":5}},"line":120},"7":{"name":"(anonymous_7)","decl":{"start":{"line":125,"column":2},"end":{"line":125,"column":3}},"loc":{"start":{"line":125,"column":28},"end":{"line":129,"column":3}},"line":125},"8":{"name":"(anonymous_8)","decl":{"start":{"line":126,"column":18},"end":{"line":126,"column":19}},"loc":{"start":{"line":126,"column":28},"end":{"line":128,"column":5}},"line":126},"9":{"name":"(anonymous_9)","decl":{"start":{"line":131,"column":2},"end":{"line":131,"column":3}},"loc":{"start":{"line":131,"column":26},"end":{"line":135,"column":3}},"line":131},"10":{"name":"(anonymous_10)","decl":{"start":{"line":132,"column":18},"end":{"line":132,"column":19}},"loc":{"start":{"line":132,"column":28},"end":{"line":134,"column":5}},"line":132},"11":{"name":"(anonymous_11)","decl":{"start":{"line":137,"column":2},"end":{"line":137,"column":3}},"loc":{"start":{"line":137,"column":29},"end":{"line":142,"column":3}},"line":137},"12":{"name":"(anonymous_12)","decl":{"start":{"line":144,"column":2},"end":{"line":144,"column":3}},"loc":{"start":{"line":144,"column":23},"end":{"line":148,"column":3}},"line":144},"13":{"name":"(anonymous_13)","decl":{"start":{"line":150,"column":2},"end":{"line":150,"column":3}},"loc":{"start":{"line":150,"column":11},"end":{"line":194,"column":3}},"line":150},"14":{"name":"(anonymous_14)","decl":{"start":{"line":197,"column":20},"end":{"line":197,"column":21}},"loc":{"start":{"line":197,"column":26},"end":{"line":202,"column":1}},"line":197},"15":{"name":"(anonymous_15)","decl":{"start":{"line":199,"column":10},"end":{"line":199,"column":11}},"loc":{"start":{"line":199,"column":24},"end":{"line":201,"column":5}},"line":199},"16":{"name":"(anonymous_16)","decl":{"start":{"line":206,"column":19},"end":{"line":206,"column":20}},"loc":{"start":{"line":206,"column":25},"end":{"line":281,"column":1}},"line":206},"17":{"name":"(anonymous_17)","decl":{"start":{"line":213,"column":30},"end":{"line":213,"column":31}},"loc":{"start":{"line":213,"column":36},"end":{"line":217,"column":3}},"line":213},"18":{"name":"(anonymous_18)","decl":{"start":{"line":221,"column":22},"end":{"line":221,"column":23}},"loc":{"start":{"line":221,"column":54},"end":{"line":249,"column":3}},"line":221},"19":{"name":"(anonymous_19)","decl":{"start":{"line":255,"column":18},"end":{"line":255,"column":19}},"loc":{"start":{"line":255,"column":24},"end":{"line":260,"column":3}},"line":255},"20":{"name":"(anonymous_20)","decl":{"start":{"line":262,"column":23},"end":{"line":262,"column":24}},"loc":{"start":{"line":262,"column":37},"end":{"line":264,"column":3}},"line":262},"21":{"name":"(anonymous_21)","decl":{"start":{"line":267,"column":10},"end":{"line":267,"column":11}},"loc":{"start":{"line":267,"column":24},"end":{"line":269,"column":5}},"line":267},"22":{"name":"(anonymous_22)","decl":{"start":{"line":284,"column":23},"end":{"line":284,"column":24}},"loc":{"start":{"line":284,"column":29},"end":{"line":289,"column":1}},"line":284}},"branchMap":{"0":{"loc":{"start":{"line":39,"column":24},"end":{"line":39,"column":35}},"type":"default-arg","locations":[{"start":{"line":39,"column":32},"end":{"line":39,"column":35}}],"line":39},"1":{"loc":{"start":{"line":40,"column":2},"end":{"line":55,"column":3}},"type":"switch","locations":[{"start":{"line":41,"column":4},"end":{"line":42,"column":25}},{"start":{"line":44,"column":4},"end":{"line":45,"column":49}},{"start":{"line":47,"column":4},"end":{"line":51,"column":7}},{"start":{"line":53,"column":4},"end":{"line":54,"column":18}}],"line":40},"2":{"loc":{"start":{"line":58,"column":25},"end":{"line":58,"column":35}},"type":"default-arg","locations":[{"start":{"line":58,"column":33},"end":{"line":58,"column":35}}],"line":58},"3":{"loc":{"start":{"line":59,"column":2},"end":{"line":71,"column":3}},"type":"switch","locations":[{"start":{"line":60,"column":4},"end":{"line":61,"column":28}},{"start":{"line":69,"column":4},"end":{"line":70,"column":18}}],"line":59},"4":{"loc":{"start":{"line":74,"column":21},"end":{"line":74,"column":31}},"type":"default-arg","locations":[{"start":{"line":74,"column":29},"end":{"line":74,"column":31}}],"line":74},"5":{"loc":{"start":{"line":75,"column":2},"end":{"line":80,"column":3}},"type":"switch","locations":[{"start":{"line":76,"column":4},"end":{"line":77,"column":24}},{"start":{"line":78,"column":4},"end":{"line":79,"column":18}}],"line":75},"6":{"loc":{"start":{"line":83,"column":25},"end":{"line":83,"column":35}},"type":"default-arg","locations":[{"start":{"line":83,"column":33},"end":{"line":83,"column":35}}],"line":83},"7":{"loc":{"start":{"line":84,"column":2},"end":{"line":89,"column":3}},"type":"switch","locations":[{"start":{"line":85,"column":4},"end":{"line":86,"column":29}},{"start":{"line":87,"column":4},"end":{"line":88,"column":18}}],"line":84},"8":{"loc":{"start":{"line":207,"column":2},"end":{"line":209,"column":3}},"type":"if","locations":[{"start":{"line":207,"column":2},"end":{"line":209,"column":3}},{"start":{"line":207,"column":2},"end":{"line":209,"column":3}}],"line":207},"9":{"loc":{"start":{"line":207,"column":6},"end":{"line":207,"column":46}},"type":"binary-expr","locations":[{"start":{"line":207,"column":6},"end":{"line":207,"column":28}},{"start":{"line":207,"column":32},"end":{"line":207,"column":46}}],"line":207},"10":{"loc":{"start":{"line":224,"column":4},"end":{"line":248,"column":5}},"type":"if","locations":[{"start":{"line":224,"column":4},"end":{"line":248,"column":5}},{"start":{"line":224,"column":4},"end":{"line":248,"column":5}}],"line":224},"11":{"loc":{"start":{"line":225,"column":6},"end":{"line":234,"column":7}},"type":"if","locations":[{"start":{"line":225,"column":6},"end":{"line":234,"column":7}},{"start":{"line":225,"column":6},"end":{"line":234,"column":7}}],"line":225},"12":{"loc":{"start":{"line":225,"column":10},"end":{"line":225,"column":48}},"type":"binary-expr","locations":[{"start":{"line":225,"column":10},"end":{"line":225,"column":22}},{"start":{"line":225,"column":26},"end":{"line":225,"column":48}}],"line":225},"13":{"loc":{"start":{"line":238,"column":6},"end":{"line":240,"column":7}},"type":"if","locations":[{"start":{"line":238,"column":6},"end":{"line":240,"column":7}},{"start":{"line":238,"column":6},"end":{"line":240,"column":7}}],"line":238},"14":{"loc":{"start":{"line":239,"column":8},"end":{"line":239,"column":64}},"type":"if","locations":[{"start":{"line":239,"column":8},"end":{"line":239,"column":64}},{"start":{"line":239,"column":8},"end":{"line":239,"column":64}}],"line":239},"15":{"loc":{"start":{"line":245,"column":6},"end":{"line":247,"column":7}},"type":"if","locations":[{"start":{"line":245,"column":6},"end":{"line":247,"column":7}},{"start":{"line":245,"column":6},"end":{"line":247,"column":7}}],"line":245},"16":{"loc":{"start":{"line":245,"column":10},"end":{"line":245,"column":54}},"type":"binary-expr","locations":[{"start":{"line":245,"column":10},"end":{"line":245,"column":30}},{"start":{"line":245,"column":34},"end":{"line":245,"column":54}}],"line":245},"17":{"loc":{"start":{"line":256,"column":20},"end":{"line":256,"column":51}},"type":"binary-expr","locations":[{"start":{"line":256,"column":20},"end":{"line":256,"column":44}},{"start":{"line":256,"column":48},"end":{"line":256,"column":51}}],"line":256},"18":{"loc":{"start":{"line":258,"column":13},"end":{"line":258,"column":33}},"type":"binary-expr","locations":[{"start":{"line":258,"column":13},"end":{"line":258,"column":26}},{"start":{"line":258,"column":30},"end":{"line":258,"column":33}}],"line":258},"19":{"loc":{"start":{"line":285,"column":2},"end":{"line":287,"column":3}},"type":"if","locations":[{"start":{"line":285,"column":2},"end":{"line":287,"column":3}},{"start":{"line":285,"column":2},"end":{"line":287,"column":3}}],"line":285}},"s":{"0":0,"1":0,"2":0,"3":0,"4":0,"5":0,"6":0,"7":0,"8":0,"9":0,"10":0,"11":0,"12":0,"13":0,"14":0,"15":0,"16":0,"17":0,"18":0,"19":0,"20":0,"21":0,"22":0,"23":0,"24":0,"25":0,"26":0,"27":0,"28":0,"29":0,"30":0,"31":0,"32":0,"33":0,"34":0,"35":0,"36":0,"37":0,"38":0,"39":0,"40":0,"41":0,"42":0,"43":0,"44":0,"45":0,"46":0,"47":0,"48":0,"49":0,"50":0,"51":0,"52":0,"53":0,"54":0,"55":0,"56":0,"57":0,"58":0,"59":0,"60":0,"61":0,"62":0,"63":0,"64":0,"65":0,"66":0,"67":0,"68":0,"69":0,"70":0,"71":0,"72":0,"73":0,"74":0,"75":0,"76":0,"77":0,"78":0,"79":0,"80":0,"81":0,"82":0,"83":0,"84":0,"85":0,"86":0,"87":0,"88":0,"89":0,"90":0,"91":0,"92":0},"f":{"0":0,"1":0,"2":0,"3":0,"4":0,"5":0,"6":0,"7":0,"8":0,"9":0,"10":0,"11":0,"12":0,"13":0,"14":0,"15":0,"16":0,"17":0,"18":0,"19":0,"20":0,"21":0,"22":0},"b":{"0":[0],"1":[0,0,0,0],"2":[0],"3":[0,0],"4":[0],"5":[0,0],"6":[0],"7":[0,0],"8":[0,0],"9":[0,0],"10":[0,0],"11":[0,0],"12":[0,0],"13":[0,0],"14":[0,0],"15":[0,0],"16":[0,0],"17":[0,0],"18":[0,0],"19":[0,0]}}
,"/Users/joona/git/Feedbacker-Forum/client/src/invalid-container.js": {"path":"/Users/joona/git/Feedbacker-Forum/client/src/invalid-container.js","statementMap":{"0":{"start":{"line":4,"column":19},"end":{"line":4,"column":31}},"1":{"start":{"line":5,"column":2},"end":{"line":7,"column":3}}},"fnMap":{"0":{"name":"InvalidContainer","decl":{"start":{"line":3,"column":9},"end":{"line":3,"column":25}},"loc":{"start":{"line":3,"column":37},"end":{"line":8,"column":1}},"line":3}},"branchMap":{},"s":{"0":0,"1":0},"f":{"0":0},"b":{}}
,"/Users/joona/git/Feedbacker-Forum/client/src/persist.js": {"path":"/Users/joona/git/Feedbacker-Forum/client/src/persist.js","statementMap":{"0":{"start":{"line":19,"column":20},"end":{"line":19,"column":50}},"1":{"start":{"line":22,"column":20},"end":{"line":22,"column":24}},"2":{"start":{"line":23,"column":19},"end":{"line":23,"column":21}},"3":{"start":{"line":26,"column":20},"end":{"line":26,"column":24}},"4":{"start":{"line":30,"column":17},"end":{"line":30,"column":20}},"5":{"start":{"line":32,"column":21},"end":{"line":32,"column":60}},"6":{"start":{"line":33,"column":2},"end":{"line":39,"column":3}},"7":{"start":{"line":34,"column":4},"end":{"line":38,"column":5}},"8":{"start":{"line":35,"column":6},"end":{"line":35,"column":51}},"9":{"start":{"line":37,"column":6},"end":{"line":37,"column":69}},"10":{"start":{"line":41,"column":16},"end":{"line":41,"column":50}},"11":{"start":{"line":42,"column":20},"end":{"line":42,"column":58}},"12":{"start":{"line":43,"column":2},"end":{"line":49,"column":3}},"13":{"start":{"line":44,"column":4},"end":{"line":48,"column":5}},"14":{"start":{"line":45,"column":6},"end":{"line":45,"column":70}},"15":{"start":{"line":47,"column":6},"end":{"line":47,"column":62}},"16":{"start":{"line":51,"column":2},"end":{"line":51,"column":15}},"17":{"start":{"line":56,"column":2},"end":{"line":56,"column":47}},"18":{"start":{"line":58,"column":15},"end":{"line":58,"column":39}},"19":{"start":{"line":59,"column":2},"end":{"line":59,"column":68}},"20":{"start":{"line":63,"column":2},"end":{"line":63,"column":28}},"21":{"start":{"line":63,"column":22},"end":{"line":63,"column":28}},"22":{"start":{"line":64,"column":2},"end":{"line":70,"column":3}},"23":{"start":{"line":65,"column":4},"end":{"line":67,"column":11}},"24":{"start":{"line":69,"column":4},"end":{"line":69,"column":67}},"25":{"start":{"line":74,"column":2},"end":{"line":74,"column":37}},"26":{"start":{"line":74,"column":31},"end":{"line":74,"column":37}},"27":{"start":{"line":75,"column":2},"end":{"line":75,"column":23}},"28":{"start":{"line":77,"column":15},"end":{"line":77,"column":36}},"29":{"start":{"line":78,"column":2},"end":{"line":78,"column":35}},"30":{"start":{"line":78,"column":29},"end":{"line":78,"column":35}},"31":{"start":{"line":79,"column":2},"end":{"line":79,"column":21}},"32":{"start":{"line":81,"column":2},"end":{"line":81,"column":22}},"33":{"start":{"line":82,"column":2},"end":{"line":82,"column":23}},"34":{"start":{"line":86,"column":16},"end":{"line":86,"column":32}},"35":{"start":{"line":87,"column":2},"end":{"line":87,"column":27}},"36":{"start":{"line":89,"column":2},"end":{"line":89,"column":23}},"37":{"start":{"line":91,"column":17},"end":{"line":91,"column":49}},"38":{"start":{"line":93,"column":2},"end":{"line":93,"column":24}},"39":{"start":{"line":94,"column":2},"end":{"line":94,"column":25}},"40":{"start":{"line":95,"column":2},"end":{"line":95,"column":30}},"41":{"start":{"line":96,"column":2},"end":{"line":96,"column":36}},"42":{"start":{"line":97,"column":2},"end":{"line":97,"column":36}},"43":{"start":{"line":98,"column":2},"end":{"line":98,"column":24}},"44":{"start":{"line":99,"column":2},"end":{"line":99,"column":25}},"45":{"start":{"line":101,"column":2},"end":{"line":101,"column":42}},"46":{"start":{"line":102,"column":2},"end":{"line":102,"column":35}},"47":{"start":{"line":104,"column":2},"end":{"line":104,"column":99}},"48":{"start":{"line":106,"column":22},"end":{"line":106,"column":27}},"49":{"start":{"line":108,"column":18},"end":{"line":113,"column":10}},"50":{"start":{"line":109,"column":4},"end":{"line":109,"column":29}},"51":{"start":{"line":109,"column":23},"end":{"line":109,"column":29}},"52":{"start":{"line":110,"column":4},"end":{"line":110,"column":24}},"53":{"start":{"line":112,"column":4},"end":{"line":112,"column":28}},"54":{"start":{"line":115,"column":2},"end":{"line":121,"column":4}},"55":{"start":{"line":116,"column":4},"end":{"line":116,"column":29}},"56":{"start":{"line":116,"column":23},"end":{"line":116,"column":29}},"57":{"start":{"line":117,"column":4},"end":{"line":117,"column":24}},"58":{"start":{"line":119,"column":4},"end":{"line":119,"column":28}},"59":{"start":{"line":120,"column":4},"end":{"line":120,"column":32}},"60":{"start":{"line":123,"column":2},"end":{"line":141,"column":4}},"61":{"start":{"line":124,"column":4},"end":{"line":124,"column":46}},"62":{"start":{"line":124,"column":40},"end":{"line":124,"column":46}},"63":{"start":{"line":125,"column":16},"end":{"line":125,"column":26}},"64":{"start":{"line":126,"column":4},"end":{"line":126,"column":39}},"65":{"start":{"line":126,"column":33},"end":{"line":126,"column":39}},"66":{"start":{"line":127,"column":4},"end":{"line":127,"column":35}},"67":{"start":{"line":127,"column":29},"end":{"line":127,"column":35}},"68":{"start":{"line":128,"column":4},"end":{"line":128,"column":44}},"69":{"start":{"line":128,"column":38},"end":{"line":128,"column":44}},"70":{"start":{"line":130,"column":18},"end":{"line":130,"column":59}},"71":{"start":{"line":132,"column":17},"end":{"line":132,"column":38}},"72":{"start":{"line":133,"column":4},"end":{"line":133,"column":24}},"73":{"start":{"line":134,"column":4},"end":{"line":134,"column":25}},"74":{"start":{"line":136,"column":4},"end":{"line":136,"column":29}},"75":{"start":{"line":136,"column":23},"end":{"line":136,"column":29}},"76":{"start":{"line":137,"column":4},"end":{"line":137,"column":24}},"77":{"start":{"line":139,"column":4},"end":{"line":139,"column":28}},"78":{"start":{"line":140,"column":4},"end":{"line":140,"column":32}},"79":{"start":{"line":143,"column":2},"end":{"line":143,"column":20}}},"fnMap":{"0":{"name":"loadLocalState","decl":{"start":{"line":29,"column":9},"end":{"line":29,"column":23}},"loc":{"start":{"line":29,"column":26},"end":{"line":52,"column":1}},"line":29},"1":{"name":"saveLocalState","decl":{"start":{"line":55,"column":9},"end":{"line":55,"column":23}},"loc":{"start":{"line":55,"column":30},"end":{"line":60,"column":1}},"line":55},"2":{"name":"saveGlobalState","decl":{"start":{"line":62,"column":9},"end":{"line":62,"column":24}},"loc":{"start":{"line":62,"column":31},"end":{"line":71,"column":1}},"line":62},"3":{"name":"savePersist","decl":{"start":{"line":73,"column":9},"end":{"line":73,"column":20}},"loc":{"start":{"line":73,"column":28},"end":{"line":83,"column":1}},"line":73},"4":{"name":"setupPersist","decl":{"start":{"line":85,"column":16},"end":{"line":85,"column":28}},"loc":{"start":{"line":85,"column":42},"end":{"line":144,"column":1}},"line":85},"5":{"name":"(anonymous_5)","decl":{"start":{"line":108,"column":36},"end":{"line":108,"column":37}},"loc":{"start":{"line":108,"column":42},"end":{"line":113,"column":3}},"line":108},"6":{"name":"(anonymous_6)","decl":{"start":{"line":115,"column":35},"end":{"line":115,"column":36}},"loc":{"start":{"line":115,"column":41},"end":{"line":121,"column":3}},"line":115},"7":{"name":"(anonymous_7)","decl":{"start":{"line":123,"column":37},"end":{"line":123,"column":38}},"loc":{"start":{"line":123,"column":48},"end":{"line":141,"column":3}},"line":123}},"branchMap":{"0":{"loc":{"start":{"line":33,"column":2},"end":{"line":39,"column":3}},"type":"if","locations":[{"start":{"line":33,"column":2},"end":{"line":39,"column":3}},{"start":{"line":33,"column":2},"end":{"line":39,"column":3}}],"line":33},"1":{"loc":{"start":{"line":42,"column":20},"end":{"line":42,"column":58}},"type":"cond-expr","locations":[{"start":{"line":42,"column":43},"end":{"line":42,"column":51}},{"start":{"line":42,"column":54},"end":{"line":42,"column":58}}],"line":42},"2":{"loc":{"start":{"line":43,"column":2},"end":{"line":49,"column":3}},"type":"if","locations":[{"start":{"line":43,"column":2},"end":{"line":49,"column":3}},{"start":{"line":43,"column":2},"end":{"line":49,"column":3}}],"line":43},"3":{"loc":{"start":{"line":63,"column":2},"end":{"line":63,"column":28}},"type":"if","locations":[{"start":{"line":63,"column":2},"end":{"line":63,"column":28}},{"start":{"line":63,"column":2},"end":{"line":63,"column":28}}],"line":63},"4":{"loc":{"start":{"line":74,"column":2},"end":{"line":74,"column":37}},"type":"if","locations":[{"start":{"line":74,"column":2},"end":{"line":74,"column":37}},{"start":{"line":74,"column":2},"end":{"line":74,"column":37}}],"line":74},"5":{"loc":{"start":{"line":78,"column":2},"end":{"line":78,"column":35}},"type":"if","locations":[{"start":{"line":78,"column":2},"end":{"line":78,"column":35}},{"start":{"line":78,"column":2},"end":{"line":78,"column":35}}],"line":78},"6":{"loc":{"start":{"line":104,"column":18},"end":{"line":104,"column":99}},"type":"binary-expr","locations":[{"start":{"line":104,"column":18},"end":{"line":104,"column":38}},{"start":{"line":104,"column":43},"end":{"line":104,"column":65}},{"start":{"line":104,"column":69},"end":{"line":104,"column":98}}],"line":104},"7":{"loc":{"start":{"line":109,"column":4},"end":{"line":109,"column":29}},"type":"if","locations":[{"start":{"line":109,"column":4},"end":{"line":109,"column":29}},{"start":{"line":109,"column":4},"end":{"line":109,"column":29}}],"line":109},"8":{"loc":{"start":{"line":116,"column":4},"end":{"line":116,"column":29}},"type":"if","locations":[{"start":{"line":116,"column":4},"end":{"line":116,"column":29}},{"start":{"line":116,"column":4},"end":{"line":116,"column":29}}],"line":116},"9":{"loc":{"start":{"line":124,"column":4},"end":{"line":124,"column":46}},"type":"if","locations":[{"start":{"line":124,"column":4},"end":{"line":124,"column":46}},{"start":{"line":124,"column":4},"end":{"line":124,"column":46}}],"line":124},"10":{"loc":{"start":{"line":126,"column":4},"end":{"line":126,"column":39}},"type":"if","locations":[{"start":{"line":126,"column":4},"end":{"line":126,"column":39}},{"start":{"line":126,"column":4},"end":{"line":126,"column":39}}],"line":126},"11":{"loc":{"start":{"line":127,"column":4},"end":{"line":127,"column":35}},"type":"if","locations":[{"start":{"line":127,"column":4},"end":{"line":127,"column":35}},{"start":{"line":127,"column":4},"end":{"line":127,"column":35}}],"line":127},"12":{"loc":{"start":{"line":128,"column":4},"end":{"line":128,"column":44}},"type":"if","locations":[{"start":{"line":128,"column":4},"end":{"line":128,"column":44}},{"start":{"line":128,"column":4},"end":{"line":128,"column":44}}],"line":128},"13":{"loc":{"start":{"line":136,"column":4},"end":{"line":136,"column":29}},"type":"if","locations":[{"start":{"line":136,"column":4},"end":{"line":136,"column":29}},{"start":{"line":136,"column":4},"end":{"line":136,"column":29}}],"line":136}},"s":{"0":0,"1":0,"2":0,"3":0,"4":0,"5":0,"6":0,"7":0,"8":0,"9":0,"10":0,"11":0,"12":0,"13":0,"14":0,"15":0,"16":0,"17":0,"18":0,"19":0,"20":0,"21":0,"22":0,"23":0,"24":0,"25":0,"26":0,"27":0,"28":0,"29":0,"30":0,"31":0,"32":0,"33":0,"34":0,"35":0,"36":0,"37":0,"38":0,"39":0,"40":0,"41":0,"42":0,"43":0,"44":0,"45":0,"46":0,"47":0,"48":0,"49":0,"50":0,"51":0,"52":0,"53":0,"54":0,"55":0,"56":0,"57":0,"58":0,"59":0,"60":0,"61":0,"62":0,"63":0,"64":0,"65":0,"66":0,"67":0,"68":0,"69":0,"70":0,"71":0,"72":0,"73":0,"74":0,"75":0,"76":0,"77":0,"78":0,"79":0},"f":{"0":0,"1":0,"2":0,"3":0,"4":0,"5":0,"6":0,"7":0},"b":{"0":[0,0],"1":[0,0],"2":[0,0],"3":[0,0],"4":[0,0],"5":[0,0],"6":[0,0,0],"7":[0,0],"8":[0,0],"9":[0,0],"10":[0,0],"11":[0,0],"12":[0,0],"13":[0,0]}}
,"/Users/joona/git/Feedbacker-Forum/client/src/persist.meta.js": {"path":"/Users/joona/git/Feedbacker-Forum/client/src/persist.meta.js","statementMap":{"0":{"start":{"line":1,"column":13},"end":{"line":1,"column":40}},"1":{"start":{"line":2,"column":12},"end":{"line":2,"column":49}},"2":{"start":{"line":4,"column":20},"end":{"line":4,"column":62}},"3":{"start":{"line":5,"column":19},"end":{"line":5,"column":51}},"4":{"start":{"line":6,"column":27},"end":{"line":6,"column":74}},"5":{"start":{"line":8,"column":0},"end":{"line":11,"column":3}}},"fnMap":{},"branchMap":{},"s":{"0":0,"1":0,"2":0,"3":0,"4":0,"5":0},"f":{},"b":{}}
,"/Users/joona/git/Feedbacker-Forum/client/src/shadowDomHelper.js": {"path":"/Users/joona/git/Feedbacker-Forum/client/src/shadowDomHelper.js","statementMap":{"0":{"start":{"line":5,"column":12},"end":{"line":5,"column":35}},"1":{"start":{"line":7,"column":19},"end":{"line":8,"column":47}},"2":{"start":{"line":7,"column":25},"end":{"line":8,"column":47}},"3":{"start":{"line":10,"column":23},"end":{"line":11,"column":58}},"4":{"start":{"line":10,"column":29},"end":{"line":11,"column":58}},"5":{"start":{"line":13,"column":24},"end":{"line":14,"column":46}},"6":{"start":{"line":13,"column":30},"end":{"line":14,"column":46}},"7":{"start":{"line":16,"column":25},"end":{"line":31,"column":1}},"8":{"start":{"line":17,"column":17},"end":{"line":17,"column":33}},"9":{"start":{"line":19,"column":2},"end":{"line":19,"column":24}},"10":{"start":{"line":21,"column":20},"end":{"line":21,"column":49}},"11":{"start":{"line":22,"column":2},"end":{"line":22,"column":58}},"12":{"start":{"line":23,"column":2},"end":{"line":23,"column":31}},"13":{"start":{"line":25,"column":20},"end":{"line":25,"column":49}},"14":{"start":{"line":26,"column":2},"end":{"line":26,"column":57}},"15":{"start":{"line":27,"column":2},"end":{"line":27,"column":58}},"16":{"start":{"line":28,"column":2},"end":{"line":28,"column":31}},"17":{"start":{"line":30,"column":2},"end":{"line":30,"column":18}}},"fnMap":{"0":{"name":"(anonymous_0)","decl":{"start":{"line":7,"column":19},"end":{"line":7,"column":20}},"loc":{"start":{"line":7,"column":25},"end":{"line":8,"column":47}},"line":7},"1":{"name":"(anonymous_1)","decl":{"start":{"line":10,"column":23},"end":{"line":10,"column":24}},"loc":{"start":{"line":10,"column":29},"end":{"line":11,"column":58}},"line":10},"2":{"name":"(anonymous_2)","decl":{"start":{"line":13,"column":24},"end":{"line":13,"column":25}},"loc":{"start":{"line":13,"column":30},"end":{"line":14,"column":46}},"line":13},"3":{"name":"(anonymous_3)","decl":{"start":{"line":16,"column":25},"end":{"line":16,"column":26}},"loc":{"start":{"line":16,"column":31},"end":{"line":31,"column":1}},"line":16}},"branchMap":{},"s":{"0":1,"1":1,"2":0,"3":1,"4":0,"5":1,"6":0,"7":1,"8":0,"9":0,"10":0,"11":0,"12":0,"13":0,"14":0,"15":0,"16":0,"17":0},"f":{"0":0,"1":0,"2":0,"3":0},"b":{},"_coverageSchema":"43e27e138ebf9cfc5966b082cf9a028302ed4184","hash":"151b12aa60c34b463bb80a6f73135cf4a6fcc105"}
,"/Users/joona/git/Feedbacker-Forum/client/src/site.js": {"path":"/Users/joona/git/Feedbacker-Forum/client/src/site.js","statementMap":{"0":{"start":{"line":28,"column":12},"end":{"line":28,"column":35}},"1":{"start":{"line":30,"column":23},"end":{"line":30,"column":57}},"2":{"start":{"line":32,"column":21},"end":{"line":32,"column":35}},"3":{"start":{"line":33,"column":20},"end":{"line":33,"column":33}},"4":{"start":{"line":36,"column":2},"end":{"line":45,"column":3}},"5":{"start":{"line":38,"column":6},"end":{"line":38,"column":25}},"6":{"start":{"line":41,"column":6},"end":{"line":41,"column":49}},"7":{"start":{"line":44,"column":6},"end":{"line":44,"column":18}},"8":{"start":{"line":48,"column":16},"end":{"line":50,"column":2}},"9":{"start":{"line":52,"column":14},"end":{"line":52,"column":34}},"10":{"start":{"line":54,"column":19},"end":{"line":127,"column":1}},"11":{"start":{"line":55,"column":2},"end":{"line":57,"column":3}},"12":{"start":{"line":56,"column":4},"end":{"line":56,"column":10}},"13":{"start":{"line":59,"column":2},"end":{"line":59,"column":31}},"14":{"start":{"line":61,"column":22},"end":{"line":80,"column":3}},"15":{"start":{"line":62,"column":4},"end":{"line":62,"column":49}},"16":{"start":{"line":64,"column":4},"end":{"line":79,"column":5}},"17":{"start":{"line":65,"column":6},"end":{"line":74,"column":7}},"18":{"start":{"line":66,"column":31},"end":{"line":67,"column":68}},"19":{"start":{"line":69,"column":8},"end":{"line":69,"column":66}},"20":{"start":{"line":71,"column":8},"end":{"line":71,"column":67}},"21":{"start":{"line":73,"column":8},"end":{"line":73,"column":71}},"22":{"start":{"line":76,"column":6},"end":{"line":78,"column":7}},"23":{"start":{"line":77,"column":8},"end":{"line":77,"column":51}},"24":{"start":{"line":82,"column":22},"end":{"line":82,"column":47}},"25":{"start":{"line":84,"column":2},"end":{"line":89,"column":4}},"26":{"start":{"line":85,"column":20},"end":{"line":85,"column":51}},"27":{"start":{"line":86,"column":4},"end":{"line":86,"column":24}},"28":{"start":{"line":87,"column":4},"end":{"line":87,"column":34}},"29":{"start":{"line":88,"column":4},"end":{"line":88,"column":29}},"30":{"start":{"line":91,"column":2},"end":{"line":93,"column":4}},"31":{"start":{"line":92,"column":4},"end":{"line":92,"column":55}},"32":{"start":{"line":95,"column":2},"end":{"line":126,"column":3}},"33":{"start":{"line":129,"column":0},"end":{"line":129,"column":12}},"34":{"start":{"line":130,"column":0},"end":{"line":130,"column":57}},"35":{"start":{"line":131,"column":0},"end":{"line":131,"column":43}}},"fnMap":{"0":{"name":"persistReducer","decl":{"start":{"line":35,"column":9},"end":{"line":35,"column":23}},"loc":{"start":{"line":35,"column":45},"end":{"line":46,"column":1}},"line":35},"1":{"name":"(anonymous_1)","decl":{"start":{"line":54,"column":19},"end":{"line":54,"column":20}},"loc":{"start":{"line":54,"column":25},"end":{"line":127,"column":1}},"line":54},"2":{"name":"(anonymous_2)","decl":{"start":{"line":61,"column":22},"end":{"line":61,"column":23}},"loc":{"start":{"line":61,"column":54},"end":{"line":80,"column":3}},"line":61},"3":{"name":"(anonymous_3)","decl":{"start":{"line":84,"column":18},"end":{"line":84,"column":19}},"loc":{"start":{"line":84,"column":24},"end":{"line":89,"column":3}},"line":84},"4":{"name":"(anonymous_4)","decl":{"start":{"line":91,"column":23},"end":{"line":91,"column":24}},"loc":{"start":{"line":91,"column":37},"end":{"line":93,"column":3}},"line":91}},"branchMap":{"0":{"loc":{"start":{"line":35,"column":24},"end":{"line":35,"column":35}},"type":"default-arg","locations":[{"start":{"line":35,"column":32},"end":{"line":35,"column":35}}],"line":35},"1":{"loc":{"start":{"line":36,"column":2},"end":{"line":45,"column":3}},"type":"switch","locations":[{"start":{"line":37,"column":4},"end":{"line":38,"column":25}},{"start":{"line":40,"column":4},"end":{"line":41,"column":49}},{"start":{"line":43,"column":4},"end":{"line":44,"column":18}}],"line":36},"2":{"loc":{"start":{"line":55,"column":2},"end":{"line":57,"column":3}},"type":"if","locations":[{"start":{"line":55,"column":2},"end":{"line":57,"column":3}},{"start":{"line":55,"column":2},"end":{"line":57,"column":3}}],"line":55},"3":{"loc":{"start":{"line":55,"column":6},"end":{"line":55,"column":46}},"type":"binary-expr","locations":[{"start":{"line":55,"column":6},"end":{"line":55,"column":28}},{"start":{"line":55,"column":32},"end":{"line":55,"column":46}}],"line":55},"4":{"loc":{"start":{"line":64,"column":4},"end":{"line":79,"column":5}},"type":"if","locations":[{"start":{"line":64,"column":4},"end":{"line":79,"column":5}},{"start":{"line":64,"column":4},"end":{"line":79,"column":5}}],"line":64},"5":{"loc":{"start":{"line":65,"column":6},"end":{"line":74,"column":7}},"type":"if","locations":[{"start":{"line":65,"column":6},"end":{"line":74,"column":7}},{"start":{"line":65,"column":6},"end":{"line":74,"column":7}}],"line":65},"6":{"loc":{"start":{"line":65,"column":10},"end":{"line":65,"column":48}},"type":"binary-expr","locations":[{"start":{"line":65,"column":10},"end":{"line":65,"column":22}},{"start":{"line":65,"column":26},"end":{"line":65,"column":48}}],"line":65},"7":{"loc":{"start":{"line":76,"column":6},"end":{"line":78,"column":7}},"type":"if","locations":[{"start":{"line":76,"column":6},"end":{"line":78,"column":7}},{"start":{"line":76,"column":6},"end":{"line":78,"column":7}}],"line":76},"8":{"loc":{"start":{"line":85,"column":20},"end":{"line":85,"column":51}},"type":"binary-expr","locations":[{"start":{"line":85,"column":20},"end":{"line":85,"column":44}},{"start":{"line":85,"column":48},"end":{"line":85,"column":51}}],"line":85},"9":{"loc":{"start":{"line":87,"column":13},"end":{"line":87,"column":33}},"type":"binary-expr","locations":[{"start":{"line":87,"column":13},"end":{"line":87,"column":26}},{"start":{"line":87,"column":30},"end":{"line":87,"column":33}}],"line":87}},"s":{"0":0,"1":0,"2":0,"3":0,"4":0,"5":0,"6":0,"7":0,"8":0,"9":0,"10":0,"11":0,"12":0,"13":0,"14":0,"15":0,"16":0,"17":0,"18":0,"19":0,"20":0,"21":0,"22":0,"23":0,"24":0,"25":0,"26":0,"27":0,"28":0,"29":0,"30":0,"31":0,"32":0,"33":0,"34":0,"35":0},"f":{"0":0,"1":0,"2":0,"3":0,"4":0},"b":{"0":[0],"1":[0,0,0],"2":[0,0],"3":[0,0],"4":[0,0],"5":[0,0],"6":[0,0],"7":[0,0],"8":[0,0],"9":[0,0]}}
,"/Users/joona/git/Feedbacker-Forum/client/src/dev-components/build-view.js": {"path":"/Users/joona/git/Feedbacker-Forum/client/src/dev-components/build-view.js","statementMap":{"0":{"start":{"line":10,"column":12},"end":{"line":10,"column":35}},"1":{"start":{"line":14,"column":4},"end":{"line":14,"column":16}},"2":{"start":{"line":16,"column":4},"end":{"line":16,"column":48}},"3":{"start":{"line":18,"column":4},"end":{"line":20,"column":5}},"4":{"start":{"line":24,"column":4},"end":{"line":24,"column":50}},"5":{"start":{"line":25,"column":4},"end":{"line":25,"column":51}},"6":{"start":{"line":29,"column":4},"end":{"line":29,"column":29}},"7":{"start":{"line":30,"column":4},"end":{"line":30,"column":34}},"8":{"start":{"line":34,"column":21},"end":{"line":34,"column":44}},"9":{"start":{"line":35,"column":21},"end":{"line":37,"column":6}},"10":{"start":{"line":38,"column":17},"end":{"line":38,"column":38}},"11":{"start":{"line":39,"column":4},"end":{"line":43,"column":5}},"12":{"start":{"line":40,"column":6},"end":{"line":40,"column":35}},"13":{"start":{"line":42,"column":6},"end":{"line":42,"column":47}},"14":{"start":{"line":47,"column":21},"end":{"line":47,"column":44}},"15":{"start":{"line":48,"column":16},"end":{"line":48,"column":51}},"16":{"start":{"line":50,"column":4},"end":{"line":74,"column":5}}},"fnMap":{"0":{"name":"(anonymous_0)","decl":{"start":{"line":13,"column":2},"end":{"line":13,"column":3}},"loc":{"start":{"line":13,"column":21},"end":{"line":21,"column":3}},"line":13},"1":{"name":"(anonymous_1)","decl":{"start":{"line":23,"column":2},"end":{"line":23,"column":3}},"loc":{"start":{"line":23,"column":22},"end":{"line":26,"column":3}},"line":23},"2":{"name":"(anonymous_2)","decl":{"start":{"line":28,"column":2},"end":{"line":28,"column":3}},"loc":{"start":{"line":28,"column":25},"end":{"line":31,"column":3}},"line":28},"3":{"name":"(anonymous_3)","decl":{"start":{"line":33,"column":2},"end":{"line":33,"column":3}},"loc":{"start":{"line":33,"column":21},"end":{"line":44,"column":3}},"line":33},"4":{"name":"(anonymous_4)","decl":{"start":{"line":46,"column":2},"end":{"line":46,"column":3}},"loc":{"start":{"line":46,"column":11},"end":{"line":75,"column":3}},"line":46}},"branchMap":{"0":{"loc":{"start":{"line":39,"column":4},"end":{"line":43,"column":5}},"type":"if","locations":[{"start":{"line":39,"column":4},"end":{"line":43,"column":5}},{"start":{"line":39,"column":4},"end":{"line":43,"column":5}}],"line":39}},"s":{"0":0,"1":0,"2":0,"3":0,"4":0,"5":0,"6":0,"7":0,"8":0,"9":0,"10":0,"11":0,"12":0,"13":0,"14":0,"15":0,"16":0},"f":{"0":0,"1":0,"2":0,"3":0,"4":0},"b":{"0":[0,0]}}
,"/Users/joona/git/Feedbacker-Forum/client/src/dev-components/container-card.js": {"path":"/Users/joona/git/Feedbacker-Forum/client/src/dev-components/container-card.js","statementMap":{"0":{"start":{"line":14,"column":12},"end":{"line":14,"column":35}},"1":{"start":{"line":18,"column":4},"end":{"line":18,"column":16}},"2":{"start":{"line":19,"column":4},"end":{"line":19,"column":39}},"3":{"start":{"line":20,"column":4},"end":{"line":20,"column":78}},"4":{"start":{"line":21,"column":4},"end":{"line":21,"column":48}},"5":{"start":{"line":23,"column":4},"end":{"line":28,"column":5}},"6":{"start":{"line":30,"column":4},"end":{"line":30,"column":56}},"7":{"start":{"line":31,"column":4},"end":{"line":31,"column":54}},"8":{"start":{"line":32,"column":4},"end":{"line":32,"column":58}},"9":{"start":{"line":36,"column":4},"end":{"line":36,"column":88}},"10":{"start":{"line":40,"column":4},"end":{"line":40,"column":42}},"11":{"start":{"line":41,"column":4},"end":{"line":46,"column":5}},"12":{"start":{"line":42,"column":6},"end":{"line":42,"column":78}},"13":{"start":{"line":43,"column":6},"end":{"line":43,"column":60}},"14":{"start":{"line":45,"column":6},"end":{"line":45,"column":45}},"15":{"start":{"line":50,"column":4},"end":{"line":50,"column":41}},"16":{"start":{"line":51,"column":4},"end":{"line":58,"column":5}},"17":{"start":{"line":52,"column":6},"end":{"line":52,"column":100}},"18":{"start":{"line":53,"column":6},"end":{"line":53,"column":47}},"19":{"start":{"line":57,"column":6},"end":{"line":57,"column":44}},"20":{"start":{"line":62,"column":4},"end":{"line":62,"column":40}},"21":{"start":{"line":63,"column":4},"end":{"line":70,"column":5}},"22":{"start":{"line":64,"column":6},"end":{"line":64,"column":99}},"23":{"start":{"line":65,"column":6},"end":{"line":65,"column":48}},"24":{"start":{"line":69,"column":6},"end":{"line":69,"column":43}},"25":{"start":{"line":74,"column":25},"end":{"line":74,"column":35}},"26":{"start":{"line":76,"column":4},"end":{"line":126,"column":5}}},"fnMap":{"0":{"name":"(anonymous_0)","decl":{"start":{"line":17,"column":2},"end":{"line":17,"column":3}},"loc":{"start":{"line":17,"column":21},"end":{"line":33,"column":3}},"line":17},"1":{"name":"(anonymous_1)","decl":{"start":{"line":35,"column":2},"end":{"line":35,"column":3}},"loc":{"start":{"line":35,"column":23},"end":{"line":37,"column":3}},"line":35},"2":{"name":"(anonymous_2)","decl":{"start":{"line":39,"column":2},"end":{"line":39,"column":3}},"loc":{"start":{"line":39,"column":26},"end":{"line":47,"column":3}},"line":39},"3":{"name":"(anonymous_3)","decl":{"start":{"line":49,"column":2},"end":{"line":49,"column":3}},"loc":{"start":{"line":49,"column":25},"end":{"line":59,"column":3}},"line":49},"4":{"name":"(anonymous_4)","decl":{"start":{"line":61,"column":2},"end":{"line":61,"column":3}},"loc":{"start":{"line":61,"column":24},"end":{"line":71,"column":3}},"line":61},"5":{"name":"(anonymous_5)","decl":{"start":{"line":73,"column":2},"end":{"line":73,"column":3}},"loc":{"start":{"line":73,"column":11},"end":{"line":127,"column":3}},"line":73}},"branchMap":{"0":{"loc":{"start":{"line":36,"column":11},"end":{"line":36,"column":88}},"type":"binary-expr","locations":[{"start":{"line":36,"column":11},"end":{"line":36,"column":34}},{"start":{"line":36,"column":38},"end":{"line":36,"column":60}},{"start":{"line":36,"column":64},"end":{"line":36,"column":88}}],"line":36},"1":{"loc":{"start":{"line":80,"column":13},"end":{"line":99,"column":20}},"type":"cond-expr","locations":[{"start":{"line":81,"column":14},"end":{"line":98,"column":17}},{"start":{"line":99,"column":16},"end":{"line":99,"column":20}}],"line":80},"2":{"loc":{"start":{"line":84,"column":28},"end":{"line":84,"column":84}},"type":"binary-expr","locations":[{"start":{"line":84,"column":28},"end":{"line":84,"column":55}},{"start":{"line":84,"column":59},"end":{"line":84,"column":84}}],"line":84},"3":{"loc":{"start":{"line":92,"column":28},"end":{"line":92,"column":85}},"type":"binary-expr","locations":[{"start":{"line":92,"column":28},"end":{"line":92,"column":56}},{"start":{"line":92,"column":60},"end":{"line":92,"column":85}}],"line":92}},"s":{"0":0,"1":0,"2":0,"3":0,"4":0,"5":0,"6":0,"7":0,"8":0,"9":0,"10":0,"11":0,"12":0,"13":0,"14":0,"15":0,"16":0,"17":0,"18":0,"19":0,"20":0,"21":0,"22":0,"23":0,"24":0,"25":0,"26":0},"f":{"0":0,"1":0,"2":0,"3":0,"4":0,"5":0},"b":{"0":[0,0,0],"1":[0,0],"2":[0,0],"3":[0,0]}}
,"/Users/joona/git/Feedbacker-Forum/client/src/dev-components/create-runner.js": {"path":"/Users/joona/git/Feedbacker-Forum/client/src/dev-components/create-runner.js","statementMap":{"0":{"start":{"line":13,"column":12},"end":{"line":13,"column":35}},"1":{"start":{"line":17,"column":4},"end":{"line":17,"column":16}},"2":{"start":{"line":19,"column":4},"end":{"line":22,"column":5}},"3":{"start":{"line":24,"column":4},"end":{"line":26,"column":5}},"4":{"start":{"line":27,"column":4},"end":{"line":27,"column":52}},"5":{"start":{"line":28,"column":4},"end":{"line":28,"column":70}},"6":{"start":{"line":32,"column":4},"end":{"line":32,"column":68}},"7":{"start":{"line":33,"column":4},"end":{"line":33,"column":69}},"8":{"start":{"line":37,"column":4},"end":{"line":37,"column":34}},"9":{"start":{"line":38,"column":4},"end":{"line":38,"column":29}},"10":{"start":{"line":42,"column":21},"end":{"line":42,"column":61}},"11":{"start":{"line":43,"column":27},"end":{"line":43,"column":72}},"12":{"start":{"line":43,"column":46},"end":{"line":43,"column":61}},"13":{"start":{"line":44,"column":28},"end":{"line":44,"column":72}},"14":{"start":{"line":44,"column":47},"end":{"line":44,"column":61}},"15":{"start":{"line":45,"column":4},"end":{"line":45,"column":54}},"16":{"start":{"line":49,"column":4},"end":{"line":49,"column":26}},"17":{"start":{"line":50,"column":4},"end":{"line":50,"column":48}},"18":{"start":{"line":51,"column":16},"end":{"line":51,"column":32}},"19":{"start":{"line":52,"column":23},"end":{"line":52,"column":61}},"20":{"start":{"line":52,"column":31},"end":{"line":52,"column":61}},"21":{"start":{"line":54,"column":4},"end":{"line":54,"column":77}},"22":{"start":{"line":55,"column":4},"end":{"line":55,"column":40}},"23":{"start":{"line":56,"column":4},"end":{"line":56,"column":39}},"24":{"start":{"line":60,"column":4},"end":{"line":60,"column":61}},"25":{"start":{"line":61,"column":4},"end":{"line":68,"column":6}},"26":{"start":{"line":62,"column":41},"end":{"line":65,"column":7}},"27":{"start":{"line":63,"column":18},"end":{"line":63,"column":35}},"28":{"start":{"l
[...]
f","locations":[{"start":{"line":152,"column":6},"end":{"line":152,"column":78}},{"start":{"line":152,"column":6},"end":{"line":152,"column":78}}],"line":152},"9":{"loc":{"start":{"line":154,"column":6},"end":{"line":154,"column":67}},"type":"if","locations":[{"start":{"line":154,"column":6},"end":{"line":154,"column":67}},{"start":{"line":154,"column":6},"end":{"line":154,"column":67}}],"line":154},"10":{"loc":{"start":{"line":155,"column":6},"end":{"line":155,"column":67}},"type":"if","locations":[{"start":{"line":155,"column":6},"end":{"line":155,"column":67}},{"start":{"line":155,"column":6},"end":{"line":155,"column":67}}],"line":155},"11":{"loc":{"start":{"line":156,"column":6},"end":{"line":159,"column":7}},"type":"if","locations":[{"start":{"line":156,"column":6},"end":{"line":159,"column":7}},{"start":{"line":156,"column":6},"end":{"line":159,"column":7}}],"line":156},"12":{"loc":{"start":{"line":157,"column":8},"end":{"line":157,"column":60}},"type":"if","locations":[{"start":{"line":157,"column":8},"end":{"line":157,"column":60}},{"start":{"line":157,"column":8},"end":{"line":157,"column":60}}],"line":157},"13":{"loc":{"start":{"line":158,"column":8},"end":{"line":158,"column":87}},"type":"if","locations":[{"start":{"line":158,"column":8},"end":{"line":158,"column":87}},{"start":{"line":158,"column":8},"end":{"line":158,"column":87}}],"line":158},"14":{"loc":{"start":{"line":161,"column":6},"end":{"line":165,"column":7}},"type":"if","locations":[{"start":{"line":161,"column":6},"end":{"line":165,"column":7}},{"start":{"line":161,"column":6},"end":{"line":165,"column":7}}],"line":161},"15":{"loc":{"start":{"line":185,"column":33},"end":{"line":186,"column":54}},"type":"cond-expr","locations":[{"start":{"line":186,"column":8},"end":{"line":186,"column":48}},{"start":{"line":186,"column":51},"end":{"line":186,"column":54}}],"line":185},"16":{"loc":{"start":{"line":190,"column":4},"end":{"line":190,"column":29}},"type":"if","locations":[{"start":{"line":190,"column":4},"end":{"line":190,"column":29}},{"start":{"line":190,"column":4},"end":{"line":190,"column":29}}],"line":190},"17":{"loc":{"start":{"line":191,"column":4},"end":{"line":191,"column":37}},"type":"if","locations":[{"start":{"line":191,"column":4},"end":{"line":191,"column":37}},{"start":{"line":191,"column":4},"end":{"line":191,"column":37}}],"line":191},"18":{"loc":{"start":{"line":212,"column":4},"end":{"line":212,"column":29}},"type":"if","locations":[{"start":{"line":212,"column":4},"end":{"line":212,"column":29}},{"start":{"line":212,"column":4},"end":{"line":212,"column":29}}],"line":212},"19":{"loc":{"start":{"line":217,"column":4},"end":{"line":219,"column":5}},"type":"if","locations":[{"start":{"line":217,"column":4},"end":{"line":219,"column":5}},{"start":{"line":217,"column":4},"end":{"line":219,"column":5}}],"line":217},"20":{"loc":{"start":{"line":222,"column":6},"end":{"line":222,"column":39}},"type":"if","locations":[{"start":{"line":222,"column":6},"end":{"line":222,"column":39}},{"start":{"line":222,"column":6},"end":{"line":222,"column":39}}],"line":222},"21":{"loc":{"start":{"line":237,"column":6},"end":{"line":237,"column":74}},"type":"if","locations":[{"start":{"line":237,"column":6},"end":{"line":237,"column":74}},{"start":{"line":237,"column":6},"end":{"line":237,"column":74}}],"line":237},"22":{"loc":{"start":{"line":249,"column":22},"end":{"line":249,"column":73}},"type":"binary-expr","locations":[{"start":{"line":249,"column":22},"end":{"line":249,"column":49}},{"start":{"line":249,"column":53},"end":{"line":249,"column":73}}],"line":249},"23":{"loc":{"start":{"line":255,"column":9},"end":{"line":278,"column":9}},"type":"cond-expr","locations":[{"start":{"line":256,"column":10},"end":{"line":275,"column":12}},{"start":{"line":277,"column":10},"end":{"line":277,"column":35}}],"line":255},"24":{"loc":{"start":{"line":281,"column":10},"end":{"line":308,"column":18}},"type":"cond-expr","locations":[{"start":{"line":282,"column":12},"end":{"line":307,"column":18}},{"start":{"line":308,"column":14},"end":{"line":308,"column":18}}],"line":281}},"s":{"0":0,"1":0,"2":0,"3":0,"4":0,"5":0,"6":0,"7":0,"8":0,"9":0,"10":0,"11":0,"12":0,"13":0,"14":0,"15":0,"16":0,"17":0,"18":0,"19":0,"20":0,"21":0,"22":0,"23":0,"24":0,"25":0,"26":0,"27":0,"28":0,"29":0,"30":0,"31":0,"32":0,"33":0,"34":0,"35":0,"36":0,"37":0,"38":0,"39":0,"40":0,"41":0,"42":0,"43":0,"44":0,"45":0,"46":0,"47":0,"48":0,"49":0,"50":0,"51":0,"52":0,"53":0,"54":0,"55":0,"56":0,"57":0,"58":0,"59":0,"60":0,"61":0,"62":0,"63":0,"64":0,"65":0,"66":0,"67":0,"68":0,"69":0,"70":0,"71":0,"72":0,"73":0,"74":0,"75":0,"76":0,"77":0,"78":0,"79":0,"80":0,"81":0,"82":0,"83":0,"84":0,"85":0,"86":0,"87":0,"88":0,"89":0,"90":0,"91":0,"92":0,"93":0,"94":0,"95":0,"96":0,"97":0,"98":0,"99":0,"100":0,"101":0,"102":0,"103":0,"104":0,"105":0,"106":0,"107":0,"108":0,"109":0,"110":0,"111":0,"112":0,"113":0,"114":0,"115":0,"116":0,"117":0,"118":0,"119":0},"f":{"0":0,"1":0,"2":0,"3":0,"4":0,"5":0,"6":0,"7":0,"8":0,"9":0,"10":0,"11":0,"12":0,"13":0,"14":0,"15":0,"16":0,"17":0,"18":0,"19":0,"20":0,"21":0,"22":0,"23":0,"24":0,"25":0,"26":0,"27":0,"28":0,"29":0,"30":0,"31":0},"b":{"0":[0,0],"1":[0,0],"2":[0,0,0],"3":[0,0],"4":[0,0],"5":[0,0],"6":[0,0],"7":[0,0],"8":[0,0],"9":[0,0],"10":[0,0],"11":[0,0],"12":[0,0],"13":[0,0],"14":[0,0],"15":[0,0],"16":[0,0],"17":[0,0],"18":[0,0],"19":[0,0],"20":[0,0],"21":[0,0],"22":[0,0],"23":[0,0],"24":[0,0]}}
,"/Users/joona/git/Feedbacker-Forum/client/src/feedbacker-components/survey-panel/survey-panel.js": {"path":"/Users/joona/git/Feedbacker-Forum/client/src/feedbacker-components/survey-panel/survey-panel.js","statementMap":{"0":{"start":{"line":11,"column":12},"end":{"line":11,"column":35}},"1":{"start":{"line":13,"column":24},"end":{"line":13,"column":55}},"2":{"start":{"line":13,"column":34},"end":{"line":13,"column":54}},"3":{"start":{"line":18,"column":38},"end":{"line":18,"column":48}},"4":{"start":{"line":21,"column":4},"end":{"line":58,"column":5}}},"fnMap":{"0":{"name":"(anonymous_0)","decl":{"start":{"line":13,"column":24},"end":{"line":13,"column":25}},"loc":{"start":{"line":13,"column":34},"end":{"line":13,"column":54}},"line":13},"1":{"name":"(anonymous_1)","decl":{"start":{"line":17,"column":2},"end":{"line":17,"column":3}},"loc":{"start":{"line":17,"column":11},"end":{"line":59,"column":3}},"line":17}},"branchMap":{"0":{"loc":{"start":{"line":46,"column":13},"end":{"line":54,"column":13}},"type":"cond-expr","locations":[{"start":{"line":47,"column":14},"end":{"line":49,"column":20}},{"start":{"line":51,"column":14},"end":{"line":53,"column":20}}],"line":46}},"s":{"0":0,"1":0,"2":0,"3":0,"4":0},"f":{"0":0,"1":0},"b":{"0":[0,0]}}
,"/Users/joona/git/Feedbacker-Forum/client/src/feedbacker-components/tag-element-button/tag-element-button.js": {"path":"/Users/joona/git/Feedbacker-Forum/client/src/feedbacker-components/tag-element-button/tag-element-button.js","statementMap":{"0":{"start":{"line":11,"column":12},"end":{"line":11,"column":35}},"1":{"start":{"line":28,"column":53},"end":{"line":28,"column":63}},"2":{"start":{"line":30,"column":4},"end":{"line":30,"column":70}},"3":{"start":{"line":30,"column":49},"end":{"line":30,"column":69}},"4":{"start":{"line":31,"column":4},"end":{"line":31,"column":78}},"5":{"start":{"line":31,"column":54},"end":{"line":31,"column":77}},"6":{"start":{"line":35,"column":4},"end":{"line":35,"column":45}},"7":{"start":{"line":36,"column":4},"end":{"line":36,"column":53}},"8":{"start":{"line":40,"column":71},"end":{"line":40,"column":81}},"9":{"start":{"line":42,"column":4},"end":{"line":57,"column":5}},"10":{"start":{"line":47,"column":10},"end":{"line":47,"column":76}},"11":{"start":{"line":47,"column":55},"end":{"line":47,"column":75}},"12":{"start":{"line":48,"column":10},"end":{"line":48,"column":84}},"13":{"start":{"line":48,"column":60},"end":{"line":48,"column":83}},"14":{"start":{"line":49,"column":10},"end":{"line":49,"column":40}}},"fnMap":{"0":{"name":"(anonymous_0)","decl":{"start":{"line":27,"column":2},"end":{"line":27,"column":3}},"loc":{"start":{"line":27,"column":23},"end":{"line":32,"column":3}},"line":27},"1":{"name":"(anonymous_1)","decl":{"start":{"line":30,"column":40},"end":{"line":30,"column":41}},"loc":{"start":{"line":30,"column":49},"end":{"line":30,"column":69}},"line":30},"2":{"name":"(anonymous_2)","decl":{"start":{"line":31,"column":48},"end":{"line":31,"column":49}},"loc":{"start":{"line":31,"column":54},"end":{"line":31,"column":77}},"line":31},"3":{"name":"(anonymous_3)","decl":{"start":{"line":34,"column":2},"end":{"line":34,"column":3}},"loc":{"start":{"line":34,"column":25},"end":{"line":37,"column":3}},"line":34},"4":{"name":"(anonymous_4)","decl":{"start":{"line":39,"column":2},"end":{"line":39,"column":3}},"loc":{"start":{"line":39,"column":11},"end":{"line":58,"column":3}},"line":39},"5":{"name":"(anonymous_5)","decl":{"start":{"line":46,"column":17},"end":{"line":46,"column":18}},"loc":{"start":{"line":46,"column":23},"end":{"line":50,"column":9}},"line":46},"6":{"name":"(anonymous_6)","decl":{"start":{"line":47,"column":46},"end":{"line":47,"column":47}},"loc":{"start":{"line":47,"column":55},"end":{"line":47,"column":75}},"line":47},"7":{"name":"(anonymous_7)","decl":{"start":{"line":48,"column":54},"end":{"line":48,"column":55}},"loc":{"start":{"line":48,"column":60},"end":{"line":48,"column":83}},"line":48}},"branchMap":{"0":{"loc":{"start":{"line":55,"column":9},"end":{"line":55,"column":63}},"type":"cond-expr","locations":[{"start":{"line":55,"column":18},"end":{"line":55,"column":26}},{"start":{"line":55,"column":29},"end":{"line":55,"column":63}}],"line":55}},"s":{"0":0,"1":0,"2":0,"3":0,"4":0,"5":0,"6":0,"7":0,"8":0,"9":0,"10":0,"11":0,"12":0,"13":0,"14":0},"f":{"0":0,"1":0,"2":0,"3":0,"4":0,"5":0,"6":0,"7":0},"b":{"0":[0,0]}}
,"/Users/joona/git/Feedbacker-Forum/client/src/feedbacker-components/thread/thread.js": {"path":"/Users/joona/git/Feedbacker-Forum/client/src/feedbacker-components/thread/thread.js","statementMap":{"0":{"start":{"line":11,"column":12},"end":{"line":11,"column":35}},"1":{"start":{"line":15,"column":4},"end":{"line":15,"column":16}},"2":{"start":{"line":17,"column":4},"end":{"line":17,"column":50}},"3":{"start":{"line":18,"column":4},"end":{"line":18,"column":48}},"4":{"start":{"line":19,"column":4},"end":{"line":19,"column":56}},"5":{"start":{"line":20,"column":4},"end":{"line":20,"column":46}},"6":{"start":{"line":21,"column":4},"end":{"line":21,"column":39}},"7":{"start":{"line":25,"column":20},"end":{"line":25,"column":62}},"8":{"start":{"line":26,"column":4},"end":{"line":26,"column":63}},"9":{"start":{"line":30,"column":19},"end":{"line":30,"column":26}},"10":{"start":{"line":31,"column":24},"end":{"line":31,"column":54}},"11":{"start":{"line":32,"column":4},"end":{"line":34,"column":5}},"12":{"start":{"line":33,"column":6},"end":{"line":33,"column":77}},"13":{"start":{"line":35,"column":19},"end":{"line":35,"column":61}},"14":{"start":{"line":36,"column":4},"end":{"line":36,"column":41}},"15":{"start":{"line":40,"column":4},"end":{"line":40,"column":53}},"16":{"start":{"line":44,"column":4},"end":{"line":44,"column":43}},"17":{"start":{"line":44,"column":35},"end":{"line":44,"column":41}},"18":{"start":{"line":45,"column":27},"end":{"line":45,"column":55}},"19":{"start":{"line":46,"column":23},"end":{"line":46,"column":56}},"20":{"start":{"line":46,"column":43},"end":{"line":46,"column":55}},"21":{"start":{"line":47,"column":27},"end":{"line":47,"column":53}},"22":{"start":{"line":48,"column":4},"end":{"line":74,"column":5}},"23":{"start":{"line":53,"column":14},"end":{"line":63,"column":16}},"24":{"start":{"line":59,"column":31},"end":{"line":59,"column":62}},"25":{"start":{"line":78,"column":22},"end":{"line":78,"column":32}},"26":{"start":{"line":79,"column":4},"end":{"line":79,"column":75}},"27":{"start":{"line":83,"column":21},"end":{"line":83,"column":31}},"28":{"start":{"line":84,"column":23},"end":{"line":84,"column":56}},"29":{"start":{"line":84,"column":43},"end":{"line":84,"column":55}},"30":{"start":{"line":85,"column":25},"end":{"line":85,"column":59}},"31":{"start":{"line":86,"column":4},"end":{"line":102,"column":5}}},"fnMap":{"0":{"name":"(anonymous_0)","decl":{"start":{"line":14,"column":2},"end":{"line":14,"column":3}},"loc":{"start":{"line":14,"column":21},"end":{"line":22,"column":3}},"line":14},"1":{"name":"(anonymous_1)","decl":{"start":{"line":24,"column":2},"end":{"line":24,"column":3}},"loc":{"start":{"line":24,"column":16},"end":{"line":27,"column":3}},"line":24},"2":{"name":"(anonymous_2)","decl":{"start":{"line":29,"column":2},"end":{"line":29,"column":3}},"loc":{"start":{"line":29,"column":15},"end":{"line":37,"column":3}},"line":29},"3":{"name":"(anonymous_3)","decl":{"start":{"line":39,"column":2},"end":{"line":39,"column":3}},"loc":{"start":{"line":39,"column":21},"end":{"line":41,"column":3}},"line":39},"4":{"name":"(anonymous_4)","decl":{"start":{"line":43,"column":2},"end":{"line":43,"column":3}},"loc":{"start":{"line":43,"column":21},"end":{"line":75,"column":3}},"line":43},"5":{"name":"(anonymous_5)","decl":{"start":{"line":46,"column":32},"end":{"line":46,"column":33}},"loc":{"start":{"line":46,"column":43},"end":{"line":46,"column":55}},"line":46},"6":{"name":"(anonymous_6)","decl":{"start":{"line":52,"column":12},"end":{"line":52,"column":13}},"loc":{"start":{"line":53,"column":14},"end":{"line":63,"column":16}},"line":53},"7":{"name":"(anonymous_7)","decl":{"start":{"line":59,"column":25},"end":{"line":59,"column":26}},"loc":{"start":{"line":59,"column":31},"end":{"line":59,"column":62}},"line":59},"8":{"name":"(anonymous_8)","decl":{"start":{"line":77,"column":2},"end":{"line":77,"column":3}},"loc":{"start":{"line":77,"column":27},"end":{"line":80,"column":3}},"line":77},"9":{"name":"(anonymous_9)","decl":{"start":{"line":82,"column":2},"end":{"line":82,"column":3}},"loc":{"start":{"line":82,"column":11},"end":{"line":103,"column":3}},"line":82},"10":{"name":"(anonymous_10)","decl":{"start":{"line":84,"column":32},"end":{"line":84,"column":33}},"loc":{"start":{"line":84,"column":43},"end":{"line":84,"column":55}},"line":84}},"branchMap":{"0":{"loc":{"start":{"line":26,"column":35},"end":{"line":26,"column":62}},"type":"cond-expr","locations":[{"start":{"line":26,"column":44},"end":{"line":26,"column":46}},{"start":{"line":26,"column":49},"end":{"line":26,"column":62}}],"line":26},"1":{"loc":{"start":{"line":32,"column":4},"end":{"line":34,"column":5}},"type":"if","locations":[{"start":{"line":32,"column":4},"end":{"line":34,"column":5}},{"start":{"line":32,"column":4},"end":{"line":34,"column":5}}],"line":32},"2":{"loc":{"start":{"line":33,"column":44},"end":{"line":33,"column":75}},"type":"cond-expr","locations":[{"start":{"line":33,"column":64},"end":{"line":33,"column":67}},{"start":{"line":33,"column":70},"end":{"line":33,"column":75}}],"line":33},"3":{"loc":{"start":{"line":36,"column":11},"end":{"line":36,"column":41}},"type":"cond-expr","locations":[{"start":{"line":36,"column":20},"end":{"line":36,"column":28}},{"start":{"line":36,"column":31},"end":{"line":36,"column":41}}],"line":36},"4":{"loc":{"start":{"line":44,"column":4},"end":{"line":44,"column":43}},"type":"if","locations":[{"start":{"line":44,"column":4},"end":{"line":44,"column":43}},{"start":{"line":44,"column":4},"end":{"line":44,"column":43}}],"line":44},"5":{"loc":{"start":{"line":79,"column":11},"end":{"line":79,"column":75}},"type":"binary-expr","locations":[{"start":{"line":79,"column":11},"end":{"line":79,"column":46}},{"start":{"line":79,"column":50},"end":{"line":79,"column":75}}],"line":79}},"s":{"0":0,"1":0,"2":0,"3":0,"4":0,"5":0,"6":0,"7":0,"8":0,"9":0,"10":0,"11":0,"12":0,"13":0,"14":0,"15":0,"16":0,"17":0,"18":0,"19":0,"20":0,"21":0,"22":0,"23":0,"24":0,"25":0,"26":0,"27":0,"28":0,"29":0,"30":0,"31":0},"f":{"0":0,"1":0,"2":0,"3":0,"4":0,"5":0,"6":0,"7":0,"8":0,"9":0,"10":0},"b":{"0":[0,0],"1":[0,0],"2":[0,0],"3":[0,0],"4":[0,0],"5":[0,0]}}
,"/Users/joona/git/Feedbacker-Forum/client/src/meta/env.meta.js": {"path":"/Users/joona/git/Feedbacker-Forum/client/src/meta/env.meta.js","statementMap":{"0":{"start":{"line":1,"column":13},"end":{"line":1,"column":35}},"1":{"start":{"line":3,"column":18},"end":{"line":3,"column":67}},"2":{"start":{"line":5,"column":15},"end":{"line":5,"column":65}},"3":{"start":{"line":7,"column":0},"end":{"line":7,"column":49}}},"fnMap":{},"branchMap":{"0":{"loc":{"start":{"line":3,"column":18},"end":{"line":3,"column":67}},"type":"binary-expr","locations":[{"start":{"line":3,"column":18},"end":{"line":3,"column":40}},{"start":{"line":3,"column":44},"end":{"line":3,"column":67}}],"line":3},"1":{"loc":{"start":{"line":5,"column":15},"end":{"line":5,"column":65}},"type":"binary-expr","locations":[{"start":{"line":5,"column":15},"end":{"line":5,"column":34}},{"start":{"line":5,"column":38},"end":{"line":5,"column":65}}],"line":5}},"s":{"0":1,"1":1,"2":1,"3":1},"f":{},"b":{"0":[1,1],"1":[1,1]},"_coverageSchema":"43e27e138ebf9cfc5966b082cf9a028302ed4184","hash":"b23bf9a3cf8ea58a7900def15d7cc90578208ba3"}
,"/Users/joona/git/Feedbacker-Forum/client/src/meta/meta-util.js": {"path":"/Users/joona/git/Feedbacker-Forum/client/src/meta/meta-util.js","statementMap":{"0":{"start":{"line":2,"column":0},"end":{"line":22,"column":1}},"1":{"start":{"line":5,"column":29},"end":{"line":9,"column":4}},"2":{"start":{"line":5,"column":36},"end":{"line":9,"column":3}},"3":{"start":{"line":12,"column":29},"end":{"line":16,"column":4}},"4":{"start":{"line":12,"column":36},"end":{"line":16,"column":3}},"5":{"start":{"line":20,"column":18},"end":{"line":20,"column":37}}},"fnMap":{"0":{"name":"(anonymous_0)","decl":{"start":{"line":5,"column":8},"end":{"line":5,"column":9}},"loc":{"start":{"line":5,"column":29},"end":{"line":9,"column":4}},"line":5},"1":{"name":"(anonymous_1)","decl":{"start":{"line":5,"column":29},"end":{"line":5,"column":30}},"loc":{"start":{"line":5,"column":36},"end":{"line":9,"column":3}},"line":5},"2":{"name":"(anonymous_2)","decl":{"start":{"line":12,"column":8},"end":{"line":12,"column":9}},"loc":{"start":{"line":12,"column":29},"end":{"line":16,"column":4}},"line":12},"3":{"name":"(anonymous_3)","decl":{"start":{"line":12,"column":29},"end":{"line":12,"column":30}},"loc":{"start":{"line":12,"column":36},"end":{"line":16,"column":3}},"line":12},"4":{"name":"(anonymous_4)","decl":{"start":{"line":20,"column":8},"end":{"line":20,"column":9}},"loc":{"start":{"line":20,"column":18},"end":{"line":20,"column":37}},"line":20}},"branchMap":{"0":{"loc":{"start":{"line":5,"column":14},"end":{"line":5,"column":24}},"type":"default-arg","locations":[{"start":{"line":5,"column":21},"end":{"line":5,"column":24}}],"line":5},"1":{"loc":{"start":{"line":12,"column":14},"end":{"line":12,"column":24}},"type":"default-arg","locations":[{"start":{"line":12,"column":21},"end":{"line":12,"column":24}}],"line":12}},"s":{"0":1,"1":1,"2":0,"3":0,"4":0,"5":0},"f":{"0":1,"1":0,"2":0,"3":0,"4":0},"b":{"0":[1],"1":[0]},"_coverageSchema":"43e27e138ebf9cfc5966b082cf9a028302ed4184","hash":"969e9f2b9a94b561ed4bc43fa7ed55414052dfe1"}
,"/Users/joona/git/Feedbacker-Forum/client/src/meta/version.meta.js": {"path":"/Users/joona/git/Feedbacker-Forum/client/src/meta/version.meta.js","statementMap":{"0":{"start":{"line":1,"column":21},"end":{"line":1,"column":45}},"1":{"start":{"line":2,"column":13},"end":{"line":2,"column":35}},"2":{"start":{"line":5,"column":2},"end":{"line":5,"column":57}},"3":{"start":{"line":8,"column":16},"end":{"line":8,"column":49}},"4":{"start":{"line":9,"column":18},"end":{"line":9,"column":64}},"5":{"start":{"line":11,"column":0},"end":{"line":11,"column":50}}},"fnMap":{"0":{"name":"execProcess","decl":{"start":{"line":4,"column":9},"end":{"line":4,"column":20}},"loc":{"start":{"line":4,"column":30},"end":{"line":6,"column":1}},"line":4}},"branchMap":{},"s":{"0":0,"1":0,"2":0,"3":0,"4":0,"5":0},"f":{"0":0},"b":{}}
}
